[2026-05-30T14:46:02.987+0000] {processor.py:161} INFO - Started process (PID=68) to work on /opt/airflow/dags/main.py
[2026-05-30T14:46:02.992+0000] {processor.py:830} INFO - Processing file /opt/airflow/dags/main.py for tasks to queue
[2026-05-30T14:46:03.001+0000] {logging_mixin.py:188} INFO - [2026-05-30T14:46:03.000+0000] {dagbag.py:545} INFO - Filling up the DagBag from /opt/airflow/dags/main.py
[2026-05-30T14:46:09.186+0000] {processor.py:840} INFO - DAG(s) 'update_db', 'produce_json' retrieved from /opt/airflow/dags/main.py
[2026-05-30T14:46:14.460+0000] {logging_mixin.py:188} INFO - [2026-05-30T14:46:14.456+0000] {override.py:1829} INFO - Created Permission View: can delete on DAG:update_db
[2026-05-30T14:46:14.563+0000] {logging_mixin.py:188} INFO - [2026-05-30T14:46:14.554+0000] {override.py:1829} INFO - Created Permission View: can read on DAG:update_db
[2026-05-30T14:46:14.608+0000] {logging_mixin.py:188} INFO - [2026-05-30T14:46:14.607+0000] {override.py:1829} INFO - Created Permission View: can edit on DAG:update_db
[2026-05-30T14:46:14.771+0000] {logging_mixin.py:188} INFO - [2026-05-30T14:46:14.770+0000] {override.py:1829} INFO - Created Permission View: can delete on DAG:produce_json
[2026-05-30T14:46:14.818+0000] {logging_mixin.py:188} INFO - [2026-05-30T14:46:14.817+0000] {override.py:1829} INFO - Created Permission View: can read on DAG:produce_json
[2026-05-30T14:46:14.900+0000] {logging_mixin.py:188} INFO - [2026-05-30T14:46:14.899+0000] {override.py:1829} INFO - Created Permission View: can edit on DAG:produce_json
[2026-05-30T14:46:14.914+0000] {logging_mixin.py:188} INFO - [2026-05-30T14:46:14.913+0000] {dag.py:3096} INFO - Sync 2 DAGs
[2026-05-30T14:46:15.089+0000] {logging_mixin.py:188} INFO - [2026-05-30T14:46:15.088+0000] {dag.py:3118} INFO - Creating ORM DAG for produce_json
[2026-05-30T14:46:15.136+0000] {logging_mixin.py:188} INFO - [2026-05-30T14:46:15.135+0000] {dag.py:3118} INFO - Creating ORM DAG for update_db
[2026-05-30T14:46:15.340+0000] {logging_mixin.py:188} INFO - [2026-05-30T14:46:15.339+0000] {dag.py:3954} INFO - Setting next_dagrun for produce_json to 2026-05-29 13:00:00+00:00, run_after=2026-05-30 13:00:00+00:00
[2026-05-30T14:46:15.375+0000] {logging_mixin.py:188} INFO - [2026-05-30T14:46:15.374+0000] {dag.py:3954} INFO - Setting next_dagrun for update_db to None, run_after=None
[2026-05-30T14:46:15.676+0000] {processor.py:183} INFO - Processing /opt/airflow/dags/main.py took 10.007 seconds
[2026-05-30T14:46:46.319+0000] {processor.py:161} INFO - Started process (PID=75) to work on /opt/airflow/dags/main.py
[2026-05-30T14:46:46.323+0000] {processor.py:830} INFO - Processing file /opt/airflow/dags/main.py for tasks to queue
[2026-05-30T14:46:46.340+0000] {logging_mixin.py:188} INFO - [2026-05-30T14:46:46.338+0000] {dagbag.py:545} INFO - Filling up the DagBag from /opt/airflow/dags/main.py
[2026-05-30T14:46:47.087+0000] {processor.py:840} INFO - DAG(s) 'update_db', 'produce_json' retrieved from /opt/airflow/dags/main.py
[2026-05-30T14:46:47.284+0000] {logging_mixin.py:188} INFO - [2026-05-30T14:46:47.274+0000] {dag.py:3096} INFO - Sync 2 DAGs
[2026-05-30T14:46:47.504+0000] {logging_mixin.py:188} INFO - [2026-05-30T14:46:47.504+0000] {dag.py:3954} INFO - Setting next_dagrun for produce_json to 2026-05-29 13:00:00+00:00, run_after=2026-05-30 13:00:00+00:00
[2026-05-30T14:46:47.513+0000] {logging_mixin.py:188} INFO - [2026-05-30T14:46:47.512+0000] {dag.py:3954} INFO - Setting next_dagrun for update_db to None, run_after=None
[2026-05-30T14:46:47.596+0000] {processor.py:183} INFO - Processing /opt/airflow/dags/main.py took 1.311 seconds
[2026-05-30T14:47:18.258+0000] {processor.py:161} INFO - Started process (PID=83) to work on /opt/airflow/dags/main.py
[2026-05-30T14:47:18.269+0000] {processor.py:830} INFO - Processing file /opt/airflow/dags/main.py for tasks to queue
[2026-05-30T14:47:18.297+0000] {logging_mixin.py:188} INFO - [2026-05-30T14:47:18.294+0000] {dagbag.py:545} INFO - Filling up the DagBag from /opt/airflow/dags/main.py
[2026-05-30T14:47:18.985+0000] {processor.py:840} INFO - DAG(s) 'update_db', 'produce_json' retrieved from /opt/airflow/dags/main.py
[2026-05-30T14:47:19.125+0000] {logging_mixin.py:188} INFO - [2026-05-30T14:47:19.124+0000] {dag.py:3096} INFO - Sync 2 DAGs
[2026-05-30T14:47:19.410+0000] {logging_mixin.py:188} INFO - [2026-05-30T14:47:19.410+0000] {dag.py:3954} INFO - Setting next_dagrun for produce_json to 2026-05-29 13:00:00+00:00, run_after=2026-05-30 13:00:00+00:00
[2026-05-30T14:47:19.454+0000] {logging_mixin.py:188} INFO - [2026-05-30T14:47:19.454+0000] {dag.py:3954} INFO - Setting next_dagrun for update_db to None, run_after=None
[2026-05-30T14:47:19.648+0000] {processor.py:183} INFO - Processing /opt/airflow/dags/main.py took 1.446 seconds
[2026-05-30T14:47:50.201+0000] {processor.py:161} INFO - Started process (PID=90) to work on /opt/airflow/dags/main.py
[2026-05-30T14:47:50.203+0000] {processor.py:830} INFO - Processing file /opt/airflow/dags/main.py for tasks to queue
[2026-05-30T14:47:50.212+0000] {logging_mixin.py:188} INFO - [2026-05-30T14:47:50.209+0000] {dagbag.py:545} INFO - Filling up the DagBag from /opt/airflow/dags/main.py
[2026-05-30T14:47:50.563+0000] {processor.py:840} INFO - DAG(s) 'update_db', 'produce_json' retrieved from /opt/airflow/dags/main.py
[2026-05-30T14:47:50.634+0000] {logging_mixin.py:188} INFO - [2026-05-30T14:47:50.633+0000] {dag.py:3096} INFO - Sync 2 DAGs
[2026-05-30T14:47:50.679+0000] {logging_mixin.py:188} INFO - [2026-05-30T14:47:50.678+0000] {dag.py:3954} INFO - Setting next_dagrun for produce_json to 2026-05-29 13:00:00+00:00, run_after=2026-05-30 13:00:00+00:00
[2026-05-30T14:47:50.686+0000] {logging_mixin.py:188} INFO - [2026-05-30T14:47:50.686+0000] {dag.py:3954} INFO - Setting next_dagrun for update_db to None, run_after=None
[2026-05-30T14:47:50.720+0000] {processor.py:183} INFO - Processing /opt/airflow/dags/main.py took 0.549 seconds
[2026-05-30T14:48:21.913+0000] {processor.py:161} INFO - Started process (PID=97) to work on /opt/airflow/dags/main.py
[2026-05-30T14:48:21.915+0000] {processor.py:830} INFO - Processing file /opt/airflow/dags/main.py for tasks to queue
[2026-05-30T14:48:21.921+0000] {logging_mixin.py:188} INFO - [2026-05-30T14:48:21.920+0000] {dagbag.py:545} INFO - Filling up the DagBag from /opt/airflow/dags/main.py
[2026-05-30T14:48:22.236+0000] {processor.py:840} INFO - DAG(s) 'produce_json', 'update_db' retrieved from /opt/airflow/dags/main.py
[2026-05-30T14:48:22.309+0000] {logging_mixin.py:188} INFO - [2026-05-30T14:48:22.308+0000] {dag.py:3096} INFO - Sync 2 DAGs
[2026-05-30T14:48:22.344+0000] {logging_mixin.py:188} INFO - [2026-05-30T14:48:22.344+0000] {dag.py:3954} INFO - Setting next_dagrun for produce_json to 2026-05-29 13:00:00+00:00, run_after=2026-05-30 13:00:00+00:00
[2026-05-30T14:48:22.350+0000] {logging_mixin.py:188} INFO - [2026-05-30T14:48:22.350+0000] {dag.py:3954} INFO - Setting next_dagrun for update_db to None, run_after=None
[2026-05-30T14:48:22.377+0000] {processor.py:183} INFO - Processing /opt/airflow/dags/main.py took 0.473 seconds
[2026-05-30T14:48:55.602+0000] {processor.py:161} INFO - Started process (PID=104) to work on /opt/airflow/dags/main.py
[2026-05-30T14:48:55.609+0000] {processor.py:830} INFO - Processing file /opt/airflow/dags/main.py for tasks to queue
[2026-05-30T14:48:55.625+0000] {logging_mixin.py:188} INFO - [2026-05-30T14:48:55.622+0000] {dagbag.py:545} INFO - Filling up the DagBag from /opt/airflow/dags/main.py
[2026-05-30T14:48:56.257+0000] {processor.py:840} INFO - DAG(s) 'produce_json', 'update_db' retrieved from /opt/airflow/dags/main.py
[2026-05-30T14:48:56.402+0000] {logging_mixin.py:188} INFO - [2026-05-30T14:48:56.402+0000] {dag.py:3096} INFO - Sync 2 DAGs
[2026-05-30T14:48:56.493+0000] {logging_mixin.py:188} INFO - [2026-05-30T14:48:56.492+0000] {dag.py:3954} INFO - Setting next_dagrun for produce_json to 2026-05-29 13:00:00+00:00, run_after=2026-05-30 13:00:00+00:00
[2026-05-30T14:48:56.501+0000] {logging_mixin.py:188} INFO - [2026-05-30T14:48:56.501+0000] {dag.py:3954} INFO - Setting next_dagrun for update_db to None, run_after=None
[2026-05-30T14:48:56.559+0000] {processor.py:183} INFO - Processing /opt/airflow/dags/main.py took 1.002 seconds
[2026-05-30T14:49:28.044+0000] {processor.py:161} INFO - Started process (PID=111) to work on /opt/airflow/dags/main.py
[2026-05-30T14:49:28.054+0000] {processor.py:830} INFO - Processing file /opt/airflow/dags/main.py for tasks to queue
[2026-05-30T14:49:28.069+0000] {logging_mixin.py:188} INFO - [2026-05-30T14:49:28.068+0000] {dagbag.py:545} INFO - Filling up the DagBag from /opt/airflow/dags/main.py
[2026-05-30T14:49:28.670+0000] {processor.py:840} INFO - DAG(s) 'produce_json', 'update_db' retrieved from /opt/airflow/dags/main.py
[2026-05-30T14:49:28.835+0000] {logging_mixin.py:188} INFO - [2026-05-30T14:49:28.834+0000] {dag.py:3096} INFO - Sync 2 DAGs
[2026-05-30T14:49:28.937+0000] {logging_mixin.py:188} INFO - [2026-05-30T14:49:28.936+0000] {dag.py:3954} INFO - Setting next_dagrun for produce_json to 2026-05-29 13:00:00+00:00, run_after=2026-05-30 13:00:00+00:00
[2026-05-30T14:49:28.955+0000] {logging_mixin.py:188} INFO - [2026-05-30T14:49:28.955+0000] {dag.py:3954} INFO - Setting next_dagrun for update_db to None, run_after=None
[2026-05-30T14:49:29.030+0000] {processor.py:183} INFO - Processing /opt/airflow/dags/main.py took 1.191 seconds
[2026-05-30T14:50:00.351+0000] {processor.py:161} INFO - Started process (PID=118) to work on /opt/airflow/dags/main.py
[2026-05-30T14:50:00.359+0000] {processor.py:830} INFO - Processing file /opt/airflow/dags/main.py for tasks to queue
[2026-05-30T14:50:00.373+0000] {logging_mixin.py:188} INFO - [2026-05-30T14:50:00.369+0000] {dagbag.py:545} INFO - Filling up the DagBag from /opt/airflow/dags/main.py
[2026-05-30T14:50:00.736+0000] {processor.py:840} INFO - DAG(s) 'update_db', 'produce_json' retrieved from /opt/airflow/dags/main.py
[2026-05-30T14:50:00.797+0000] {logging_mixin.py:188} INFO - [2026-05-30T14:50:00.796+0000] {dag.py:3096} INFO - Sync 2 DAGs
[2026-05-30T14:50:00.848+0000] {logging_mixin.py:188} INFO - [2026-05-30T14:50:00.847+0000] {dag.py:3954} INFO - Setting next_dagrun for produce_json to 2026-05-29 13:00:00+00:00, run_after=2026-05-30 13:00:00+00:00
[2026-05-30T14:50:00.858+0000] {logging_mixin.py:188} INFO - [2026-05-30T14:50:00.858+0000] {dag.py:3954} INFO - Setting next_dagrun for update_db to None, run_after=None
[2026-05-30T14:50:00.909+0000] {processor.py:183} INFO - Processing /opt/airflow/dags/main.py took 0.621 seconds
[2026-05-30T14:50:33.276+0000] {processor.py:161} INFO - Started process (PID=124) to work on /opt/airflow/dags/main.py
[2026-05-30T14:50:33.281+0000] {processor.py:830} INFO - Processing file /opt/airflow/dags/main.py for tasks to queue
[2026-05-30T14:50:33.306+0000] {logging_mixin.py:188} INFO - [2026-05-30T14:50:33.303+0000] {dagbag.py:545} INFO - Filling up the DagBag from /opt/airflow/dags/main.py
[2026-05-30T14:50:33.635+0000] {processor.py:840} INFO - DAG(s) 'update_db', 'produce_json' retrieved from /opt/airflow/dags/main.py
[2026-05-30T14:50:33.758+0000] {logging_mixin.py:188} INFO - [2026-05-30T14:50:33.758+0000] {dag.py:3096} INFO - Sync 2 DAGs
[2026-05-30T14:50:33.849+0000] {logging_mixin.py:188} INFO - [2026-05-30T14:50:33.848+0000] {dag.py:3954} INFO - Setting next_dagrun for produce_json to 2026-05-29 13:00:00+00:00, run_after=2026-05-30 13:00:00+00:00
[2026-05-30T14:50:33.856+0000] {logging_mixin.py:188} INFO - [2026-05-30T14:50:33.855+0000] {dag.py:3954} INFO - Setting next_dagrun for update_db to None, run_after=None
[2026-05-30T14:50:33.886+0000] {processor.py:183} INFO - Processing /opt/airflow/dags/main.py took 0.669 seconds
[2026-05-30T14:51:06.621+0000] {processor.py:161} INFO - Started process (PID=130) to work on /opt/airflow/dags/main.py
[2026-05-30T14:51:06.623+0000] {processor.py:830} INFO - Processing file /opt/airflow/dags/main.py for tasks to queue
[2026-05-30T14:51:06.626+0000] {logging_mixin.py:188} INFO - [2026-05-30T14:51:06.625+0000] {dagbag.py:545} INFO - Filling up the DagBag from /opt/airflow/dags/main.py
[2026-05-30T14:51:06.839+0000] {processor.py:840} INFO - DAG(s) 'update_db', 'produce_json' retrieved from /opt/airflow/dags/main.py
[2026-05-30T14:51:06.910+0000] {logging_mixin.py:188} INFO - [2026-05-30T14:51:06.909+0000] {dag.py:3096} INFO - Sync 2 DAGs
[2026-05-30T14:51:06.970+0000] {logging_mixin.py:188} INFO - [2026-05-30T14:51:06.970+0000] {dag.py:3954} INFO - Setting next_dagrun for produce_json to 2026-05-29 13:00:00+00:00, run_after=2026-05-30 13:00:00+00:00
[2026-05-30T14:51:06.980+0000] {logging_mixin.py:188} INFO - [2026-05-30T14:51:06.979+0000] {dag.py:3954} INFO - Setting next_dagrun for update_db to None, run_after=None
[2026-05-30T14:51:07.024+0000] {processor.py:183} INFO - Processing /opt/airflow/dags/main.py took 0.415 seconds
[2026-05-30T14:51:39.540+0000] {processor.py:161} INFO - Started process (PID=137) to work on /opt/airflow/dags/main.py
[2026-05-30T14:51:39.563+0000] {processor.py:830} INFO - Processing file /opt/airflow/dags/main.py for tasks to queue
[2026-05-30T14:51:39.600+0000] {logging_mixin.py:188} INFO - [2026-05-30T14:51:39.597+0000] {dagbag.py:545} INFO - Filling up the DagBag from /opt/airflow/dags/main.py
[2026-05-30T14:51:40.780+0000] {processor.py:840} INFO - DAG(s) 'produce_json', 'update_db' retrieved from /opt/airflow/dags/main.py
[2026-05-30T14:51:40.964+0000] {logging_mixin.py:188} INFO - [2026-05-30T14:51:40.963+0000] {dag.py:3096} INFO - Sync 2 DAGs
[2026-05-30T14:51:41.134+0000] {logging_mixin.py:188} INFO - [2026-05-30T14:51:41.133+0000] {dag.py:3954} INFO - Setting next_dagrun for produce_json to 2026-05-29 13:00:00+00:00, run_after=2026-05-30 13:00:00+00:00
[2026-05-30T14:51:41.150+0000] {logging_mixin.py:188} INFO - [2026-05-30T14:51:41.150+0000] {dag.py:3954} INFO - Setting next_dagrun for update_db to None, run_after=None
[2026-05-30T14:51:41.193+0000] {processor.py:183} INFO - Processing /opt/airflow/dags/main.py took 1.728 seconds
[2026-05-30T14:52:11.525+0000] {processor.py:161} INFO - Started process (PID=156) to work on /opt/airflow/dags/main.py
[2026-05-30T14:52:11.529+0000] {processor.py:830} INFO - Processing file /opt/airflow/dags/main.py for tasks to queue
[2026-05-30T14:52:11.548+0000] {logging_mixin.py:188} INFO - [2026-05-30T14:52:11.539+0000] {dagbag.py:545} INFO - Filling up the DagBag from /opt/airflow/dags/main.py
[2026-05-30T14:52:12.578+0000] {processor.py:840} INFO - DAG(s) 'produce_json', 'update_db' retrieved from /opt/airflow/dags/main.py
[2026-05-30T14:52:12.742+0000] {logging_mixin.py:188} INFO - [2026-05-30T14:52:12.741+0000] {dag.py:3096} INFO - Sync 2 DAGs
[2026-05-30T14:52:13.297+0000] {logging_mixin.py:188} INFO - [2026-05-30T14:52:13.296+0000] {dag.py:3954} INFO - Setting next_dagrun for produce_json to 2026-05-30 13:00:00+00:00, run_after=2026-05-31 13:00:00+00:00
[2026-05-30T14:52:13.333+0000] {logging_mixin.py:188} INFO - [2026-05-30T14:52:13.333+0000] {dag.py:3954} INFO - Setting next_dagrun for update_db to None, run_after=None
[2026-05-30T14:52:13.651+0000] {processor.py:183} INFO - Processing /opt/airflow/dags/main.py took 2.158 seconds
[2026-05-30T14:52:43.979+0000] {processor.py:161} INFO - Started process (PID=166) to work on /opt/airflow/dags/main.py
[2026-05-30T14:52:43.985+0000] {processor.py:830} INFO - Processing file /opt/airflow/dags/main.py for tasks to queue
[2026-05-30T14:52:43.990+0000] {logging_mixin.py:188} INFO - [2026-05-30T14:52:43.989+0000] {dagbag.py:545} INFO - Filling up the DagBag from /opt/airflow/dags/main.py
[2026-05-30T14:52:44.780+0000] {processor.py:840} INFO - DAG(s) 'produce_json', 'update_db' retrieved from /opt/airflow/dags/main.py
[2026-05-30T14:52:44.953+0000] {logging_mixin.py:188} INFO - [2026-05-30T14:52:44.952+0000] {dag.py:3096} INFO - Sync 2 DAGs
[2026-05-30T14:52:45.136+0000] {logging_mixin.py:188} INFO - [2026-05-30T14:52:45.131+0000] {dag.py:3954} INFO - Setting next_dagrun for produce_json to 2026-05-30 13:00:00+00:00, run_after=2026-05-31 13:00:00+00:00
[2026-05-30T14:52:45.166+0000] {logging_mixin.py:188} INFO - [2026-05-30T14:52:45.165+0000] {dag.py:3954} INFO - Setting next_dagrun for update_db to None, run_after=None
[2026-05-30T14:52:45.568+0000] {processor.py:183} INFO - Processing /opt/airflow/dags/main.py took 1.644 seconds
[2026-05-30T14:53:16.868+0000] {processor.py:161} INFO - Started process (PID=182) to work on /opt/airflow/dags/main.py
[2026-05-30T14:53:16.890+0000] {processor.py:830} INFO - Processing file /opt/airflow/dags/main.py for tasks to queue
[2026-05-30T14:53:16.908+0000] {logging_mixin.py:188} INFO - [2026-05-30T14:53:16.907+0000] {dagbag.py:545} INFO - Filling up the DagBag from /opt/airflow/dags/main.py
[2026-05-30T14:53:18.315+0000] {processor.py:840} INFO - DAG(s) 'produce_json', 'update_db' retrieved from /opt/airflow/dags/main.py
[2026-05-30T14:53:18.449+0000] {logging_mixin.py:188} INFO - [2026-05-30T14:53:18.448+0000] {dag.py:3096} INFO - Sync 2 DAGs
[2026-05-30T14:53:18.560+0000] {logging_mixin.py:188} INFO - [2026-05-30T14:53:18.560+0000] {dag.py:3954} INFO - Setting next_dagrun for produce_json to 2026-05-30 13:00:00+00:00, run_after=2026-05-31 13:00:00+00:00
[2026-05-30T14:53:18.590+0000] {logging_mixin.py:188} INFO - [2026-05-30T14:53:18.590+0000] {dag.py:3954} INFO - Setting next_dagrun for update_db to None, run_after=None
[2026-05-30T14:53:18.782+0000] {processor.py:183} INFO - Processing /opt/airflow/dags/main.py took 1.976 seconds
[2026-05-30T14:53:49.156+0000] {processor.py:161} INFO - Started process (PID=189) to work on /opt/airflow/dags/main.py
[2026-05-30T14:53:49.157+0000] {processor.py:830} INFO - Processing file /opt/airflow/dags/main.py for tasks to queue
[2026-05-30T14:53:49.161+0000] {logging_mixin.py:188} INFO - [2026-05-30T14:53:49.160+0000] {dagbag.py:545} INFO - Filling up the DagBag from /opt/airflow/dags/main.py
[2026-05-30T14:53:49.301+0000] {processor.py:840} INFO - DAG(s) 'update_db', 'produce_json' retrieved from /opt/airflow/dags/main.py
[2026-05-30T14:53:49.356+0000] {logging_mixin.py:188} INFO - [2026-05-30T14:53:49.356+0000] {dag.py:3096} INFO - Sync 2 DAGs
[2026-05-30T14:53:49.425+0000] {logging_mixin.py:188} INFO - [2026-05-30T14:53:49.425+0000] {dag.py:3954} INFO - Setting next_dagrun for produce_json to 2026-05-30 13:00:00+00:00, run_after=2026-05-31 13:00:00+00:00
[2026-05-30T14:53:49.438+0000] {logging_mixin.py:188} INFO - [2026-05-30T14:53:49.437+0000] {dag.py:3954} INFO - Setting next_dagrun for update_db to None, run_after=None
[2026-05-30T14:53:49.489+0000] {processor.py:183} INFO - Processing /opt/airflow/dags/main.py took 0.342 seconds
[2026-05-30T14:54:20.103+0000] {processor.py:161} INFO - Started process (PID=196) to work on /opt/airflow/dags/main.py
[2026-05-30T14:54:20.105+0000] {processor.py:830} INFO - Processing file /opt/airflow/dags/main.py for tasks to queue
[2026-05-30T14:54:20.108+0000] {logging_mixin.py:188} INFO - [2026-05-30T14:54:20.108+0000] {dagbag.py:545} INFO - Filling up the DagBag from /opt/airflow/dags/main.py
[2026-05-30T14:54:20.248+0000] {processor.py:840} INFO - DAG(s) 'update_db', 'produce_json' retrieved from /opt/airflow/dags/main.py
[2026-05-30T14:54:20.300+0000] {logging_mixin.py:188} INFO - [2026-05-30T14:54:20.299+0000] {dag.py:3096} INFO - Sync 2 DAGs
[2026-05-30T14:54:20.354+0000] {logging_mixin.py:188} INFO - [2026-05-30T14:54:20.353+0000] {dag.py:3954} INFO - Setting next_dagrun for produce_json to 2026-05-30 13:00:00+00:00, run_after=2026-05-31 13:00:00+00:00
[2026-05-30T14:54:20.373+0000] {logging_mixin.py:188} INFO - [2026-05-30T14:54:20.372+0000] {dag.py:3954} INFO - Setting next_dagrun for update_db to None, run_after=None
[2026-05-30T14:54:20.456+0000] {processor.py:183} INFO - Processing /opt/airflow/dags/main.py took 0.361 seconds
[2026-05-30T14:54:53.078+0000] {processor.py:161} INFO - Started process (PID=203) to work on /opt/airflow/dags/main.py
[2026-05-30T14:54:53.081+0000] {processor.py:830} INFO - Processing file /opt/airflow/dags/main.py for tasks to queue
[2026-05-30T14:54:53.087+0000] {logging_mixin.py:188} INFO - [2026-05-30T14:54:53.086+0000] {dagbag.py:545} INFO - Filling up the DagBag from /opt/airflow/dags/main.py
[2026-05-30T14:54:53.299+0000] {processor.py:840} INFO - DAG(s) 'update_db', 'produce_json' retrieved from /opt/airflow/dags/main.py
[2026-05-30T14:54:53.352+0000] {logging_mixin.py:188} INFO - [2026-05-30T14:54:53.351+0000] {dag.py:3096} INFO - Sync 2 DAGs
[2026-05-30T14:54:53.428+0000] {logging_mixin.py:188} INFO - [2026-05-30T14:54:53.428+0000] {dag.py:3954} INFO - Setting next_dagrun for produce_json to 2026-05-30 13:00:00+00:00, run_after=2026-05-31 13:00:00+00:00
[2026-05-30T14:54:53.434+0000] {logging_mixin.py:188} INFO - [2026-05-30T14:54:53.434+0000] {dag.py:3954} INFO - Setting next_dagrun for update_db to None, run_after=None
[2026-05-30T14:54:53.472+0000] {processor.py:183} INFO - Processing /opt/airflow/dags/main.py took 0.412 seconds
[2026-05-30T14:55:26.423+0000] {processor.py:161} INFO - Started process (PID=211) to work on /opt/airflow/dags/main.py
[2026-05-30T14:55:26.425+0000] {processor.py:830} INFO - Processing file /opt/airflow/dags/main.py for tasks to queue
[2026-05-30T14:55:26.428+0000] {logging_mixin.py:188} INFO - [2026-05-30T14:55:26.427+0000] {dagbag.py:545} INFO - Filling up the DagBag from /opt/airflow/dags/main.py
[2026-05-30T14:55:26.568+0000] {processor.py:840} INFO - DAG(s) 'produce_json', 'update_db' retrieved from /opt/airflow/dags/main.py
[2026-05-30T14:55:26.606+0000] {logging_mixin.py:188} INFO - [2026-05-30T14:55:26.605+0000] {dag.py:3096} INFO - Sync 2 DAGs
[2026-05-30T14:55:26.639+0000] {logging_mixin.py:188} INFO - [2026-05-30T14:55:26.638+0000] {dag.py:3954} INFO - Setting next_dagrun for produce_json to 2026-05-30 13:00:00+00:00, run_after=2026-05-31 13:00:00+00:00
[2026-05-30T14:55:26.645+0000] {logging_mixin.py:188} INFO - [2026-05-30T14:55:26.644+0000] {dag.py:3954} INFO - Setting next_dagrun for update_db to None, run_after=None
[2026-05-30T14:55:26.670+0000] {processor.py:183} INFO - Processing /opt/airflow/dags/main.py took 0.255 seconds
[2026-05-30T14:55:56.842+0000] {processor.py:161} INFO - Started process (PID=218) to work on /opt/airflow/dags/main.py
[2026-05-30T14:55:56.845+0000] {processor.py:830} INFO - Processing file /opt/airflow/dags/main.py for tasks to queue
[2026-05-30T14:55:56.850+0000] {logging_mixin.py:188} INFO - [2026-05-30T14:55:56.849+0000] {dagbag.py:545} INFO - Filling up the DagBag from /opt/airflow/dags/main.py
[2026-05-30T14:55:57.008+0000] {processor.py:840} INFO - DAG(s) 'produce_json', 'update_db' retrieved from /opt/airflow/dags/main.py
[2026-05-30T14:55:57.049+0000] {logging_mixin.py:188} INFO - [2026-05-30T14:55:57.048+0000] {dag.py:3096} INFO - Sync 2 DAGs
[2026-05-30T14:55:57.086+0000] {logging_mixin.py:188} INFO - [2026-05-30T14:55:57.086+0000] {dag.py:3954} INFO - Setting next_dagrun for produce_json to 2026-05-30 13:00:00+00:00, run_after=2026-05-31 13:00:00+00:00
[2026-05-30T14:55:57.092+0000] {logging_mixin.py:188} INFO - [2026-05-30T14:55:57.091+0000] {dag.py:3954} INFO - Setting next_dagrun for update_db to None, run_after=None
[2026-05-30T14:55:57.119+0000] {processor.py:183} INFO - Processing /opt/airflow/dags/main.py took 0.293 seconds
[2026-05-30T14:56:28.435+0000] {processor.py:161} INFO - Started process (PID=225) to work on /opt/airflow/dags/main.py
[2026-05-30T14:56:28.437+0000] {processor.py:830} INFO - Processing file /opt/airflow/dags/main.py for tasks to queue
[2026-05-30T14:56:28.440+0000] {logging_mixin.py:188} INFO - [2026-05-30T14:56:28.439+0000] {dagbag.py:545} INFO - Filling up the DagBag from /opt/airflow/dags/main.py
[2026-05-30T14:56:28.583+0000] {processor.py:840} INFO - DAG(s) 'produce_json', 'update_db' retrieved from /opt/airflow/dags/main.py
[2026-05-30T14:56:28.620+0000] {logging_mixin.py:188} INFO - [2026-05-30T14:56:28.620+0000] {dag.py:3096} INFO - Sync 2 DAGs
[2026-05-30T14:56:28.651+0000] {logging_mixin.py:188} INFO - [2026-05-30T14:56:28.651+0000] {dag.py:3954} INFO - Setting next_dagrun for produce_json to 2026-05-30 13:00:00+00:00, run_after=2026-05-31 13:00:00+00:00
[2026-05-30T14:56:28.657+0000] {logging_mixin.py:188} INFO - [2026-05-30T14:56:28.657+0000] {dag.py:3954} INFO - Setting next_dagrun for update_db to None, run_after=None
[2026-05-30T14:56:28.681+0000] {processor.py:183} INFO - Processing /opt/airflow/dags/main.py took 0.255 seconds
[2026-05-30T14:57:01.477+0000] {processor.py:161} INFO - Started process (PID=232) to work on /opt/airflow/dags/main.py
[2026-05-30T14:57:01.479+0000] {processor.py:830} INFO - Processing file /opt/airflow/dags/main.py for tasks to queue
[2026-05-30T14:57:01.485+0000] {logging_mixin.py:188} INFO - [2026-05-30T14:57:01.484+0000] {dagbag.py:545} INFO - Filling up the DagBag from /opt/airflow/dags/main.py
[2026-05-30T14:57:01.777+0000] {processor.py:840} INFO - DAG(s) 'update_db', 'produce_json' retrieved from /opt/airflow/dags/main.py
[2026-05-30T14:57:01.813+0000] {logging_mixin.py:188} INFO - [2026-05-30T14:57:01.813+0000] {dag.py:3096} INFO - Sync 2 DAGs
[2026-05-30T14:57:01.848+0000] {logging_mixin.py:188} INFO - [2026-05-30T14:57:01.848+0000] {dag.py:3954} INFO - Setting next_dagrun for produce_json to 2026-05-30 13:00:00+00:00, run_after=2026-05-31 13:00:00+00:00
[2026-05-30T14:57:01.855+0000] {logging_mixin.py:188} INFO - [2026-05-30T14:57:01.855+0000] {dag.py:3954} INFO - Setting next_dagrun for update_db to None, run_after=None
[2026-05-30T14:57:01.891+0000] {processor.py:183} INFO - Processing /opt/airflow/dags/main.py took 0.433 seconds
[2026-05-30T14:57:36.953+0000] {processor.py:161} INFO - Started process (PID=239) to work on /opt/airflow/dags/main.py
[2026-05-30T14:57:37.019+0000] {processor.py:830} INFO - Processing file /opt/airflow/dags/main.py for tasks to queue
[2026-05-30T14:57:37.097+0000] {logging_mixin.py:188} INFO - [2026-05-30T14:57:37.096+0000] {dagbag.py:545} INFO - Filling up the DagBag from /opt/airflow/dags/main.py
[2026-05-30T14:57:39.570+0000] {processor.py:840} INFO - DAG(s) 'produce_json', 'update_db' retrieved from /opt/airflow/dags/main.py
[2026-05-30T14:57:39.787+0000] {logging_mixin.py:188} INFO - [2026-05-30T14:57:39.778+0000] {dag.py:3096} INFO - Sync 2 DAGs
[2026-05-30T14:57:40.004+0000] {logging_mixin.py:188} INFO - [2026-05-30T14:57:40.003+0000] {dag.py:3954} INFO - Setting next_dagrun for produce_json to 2026-05-30 13:00:00+00:00, run_after=2026-05-31 13:00:00+00:00
[2026-05-30T14:57:40.036+0000] {logging_mixin.py:188} INFO - [2026-05-30T14:57:40.035+0000] {dag.py:3954} INFO - Setting next_dagrun for update_db to None, run_after=None
[2026-05-30T14:57:40.263+0000] {processor.py:183} INFO - Processing /opt/airflow/dags/main.py took 3.354 seconds
[2026-05-30T14:58:11.380+0000] {processor.py:161} INFO - Started process (PID=246) to work on /opt/airflow/dags/main.py
[2026-05-30T14:58:11.412+0000] {processor.py:830} INFO - Processing file /opt/airflow/dags/main.py for tasks to queue
[2026-05-30T14:58:11.431+0000] {logging_mixin.py:188} INFO - [2026-05-30T14:58:11.430+0000] {dagbag.py:545} INFO - Filling up the DagBag from /opt/airflow/dags/main.py
[2026-05-30T14:58:12.919+0000] {processor.py:840} INFO - DAG(s) 'update_db', 'produce_json' retrieved from /opt/airflow/dags/main.py
[2026-05-30T14:58:13.080+0000] {logging_mixin.py:188} INFO - [2026-05-30T14:58:13.080+0000] {dag.py:3096} INFO - Sync 2 DAGs
[2026-05-30T14:58:13.270+0000] {logging_mixin.py:188} INFO - [2026-05-30T14:58:13.269+0000] {dag.py:3954} INFO - Setting next_dagrun for produce_json to 2026-05-30 13:00:00+00:00, run_after=2026-05-31 13:00:00+00:00
[2026-05-30T14:58:13.301+0000] {logging_mixin.py:188} INFO - [2026-05-30T14:58:13.300+0000] {dag.py:3954} INFO - Setting next_dagrun for update_db to None, run_after=None
[2026-05-30T14:58:13.415+0000] {processor.py:183} INFO - Processing /opt/airflow/dags/main.py took 2.057 seconds
[2026-05-30T14:58:44.098+0000] {processor.py:161} INFO - Started process (PID=252) to work on /opt/airflow/dags/main.py
[2026-05-30T14:58:44.118+0000] {processor.py:830} INFO - Processing file /opt/airflow/dags/main.py for tasks to queue
[2026-05-30T14:58:44.141+0000] {logging_mixin.py:188} INFO - [2026-05-30T14:58:44.139+0000] {dagbag.py:545} INFO - Filling up the DagBag from /opt/airflow/dags/main.py
[2026-05-30T14:58:45.437+0000] {processor.py:840} INFO - DAG(s) 'update_db', 'produce_json' retrieved from /opt/airflow/dags/main.py
[2026-05-30T14:58:45.684+0000] {logging_mixin.py:188} INFO - [2026-05-30T14:58:45.676+0000] {dag.py:3096} INFO - Sync 2 DAGs
[2026-05-30T14:58:45.886+0000] {logging_mixin.py:188} INFO - [2026-05-30T14:58:45.885+0000] {dag.py:3954} INFO - Setting next_dagrun for produce_json to 2026-05-30 13:00:00+00:00, run_after=2026-05-31 13:00:00+00:00
[2026-05-30T14:58:45.919+0000] {logging_mixin.py:188} INFO - [2026-05-30T14:58:45.918+0000] {dag.py:3954} INFO - Setting next_dagrun for update_db to None, run_after=None
[2026-05-30T14:58:46.048+0000] {processor.py:183} INFO - Processing /opt/airflow/dags/main.py took 2.026 seconds
[2026-05-30T14:59:32.067+0000] {processor.py:161} INFO - Started process (PID=258) to work on /opt/airflow/dags/main.py
[2026-05-30T14:59:32.301+0000] {processor.py:830} INFO - Processing file /opt/airflow/dags/main.py for tasks to queue
[2026-05-30T14:59:32.454+0000] {logging_mixin.py:188} INFO - [2026-05-30T14:59:32.453+0000] {dagbag.py:545} INFO - Filling up the DagBag from /opt/airflow/dags/main.py
[2026-05-30T14:59:45.828+0000] {processor.py:840} INFO - DAG(s) 'update_db', 'produce_json' retrieved from /opt/airflow/dags/main.py
[2026-05-30T14:59:46.057+0000] {logging_mixin.py:188} INFO - [2026-05-30T14:59:46.057+0000] {dag.py:3096} INFO - Sync 2 DAGs
[2026-05-30T14:59:46.261+0000] {logging_mixin.py:188} INFO - [2026-05-30T14:59:46.260+0000] {dag.py:3954} INFO - Setting next_dagrun for produce_json to 2026-05-30 13:00:00+00:00, run_after=2026-05-31 13:00:00+00:00
[2026-05-30T14:59:46.303+0000] {logging_mixin.py:188} INFO - [2026-05-30T14:59:46.303+0000] {dag.py:3954} INFO - Setting next_dagrun for update_db to None, run_after=None
[2026-05-30T14:59:46.442+0000] {processor.py:183} INFO - Processing /opt/airflow/dags/main.py took 14.227 seconds
[2026-05-30T15:00:16.990+0000] {processor.py:161} INFO - Started process (PID=271) to work on /opt/airflow/dags/main.py
[2026-05-30T15:00:17.005+0000] {processor.py:830} INFO - Processing file /opt/airflow/dags/main.py for tasks to queue
[2026-05-30T15:00:17.024+0000] {logging_mixin.py:188} INFO - [2026-05-30T15:00:17.023+0000] {dagbag.py:545} INFO - Filling up the DagBag from /opt/airflow/dags/main.py
[2026-05-30T15:00:18.075+0000] {processor.py:840} INFO - DAG(s) 'produce_json', 'update_db' retrieved from /opt/airflow/dags/main.py
[2026-05-30T15:00:18.266+0000] {logging_mixin.py:188} INFO - [2026-05-30T15:00:18.265+0000] {dag.py:3096} INFO - Sync 2 DAGs
[2026-05-30T15:00:18.412+0000] {logging_mixin.py:188} INFO - [2026-05-30T15:00:18.411+0000] {dag.py:3954} INFO - Setting next_dagrun for produce_json to 2026-05-30 13:00:00+00:00, run_after=2026-05-31 13:00:00+00:00
[2026-05-30T15:00:18.427+0000] {logging_mixin.py:188} INFO - [2026-05-30T15:00:18.427+0000] {dag.py:3954} INFO - Setting next_dagrun for update_db to None, run_after=None
[2026-05-30T15:00:18.517+0000] {processor.py:183} INFO - Processing /opt/airflow/dags/main.py took 1.604 seconds
[2026-05-30T15:00:49.304+0000] {processor.py:161} INFO - Started process (PID=278) to work on /opt/airflow/dags/main.py
[2026-05-30T15:00:49.305+0000] {processor.py:830} INFO - Processing file /opt/airflow/dags/main.py for tasks to queue
[2026-05-30T15:00:49.310+0000] {logging_mixin.py:188} INFO - [2026-05-30T15:00:49.309+0000] {dagbag.py:545} INFO - Filling up the DagBag from /opt/airflow/dags/main.py
[2026-05-30T15:00:49.508+0000] {processor.py:840} INFO - DAG(s) 'produce_json', 'update_db' retrieved from /opt/airflow/dags/main.py
[2026-05-30T15:00:49.565+0000] {logging_mixin.py:188} INFO - [2026-05-30T15:00:49.564+0000] {dag.py:3096} INFO - Sync 2 DAGs
[2026-05-30T15:00:49.605+0000] {logging_mixin.py:188} INFO - [2026-05-30T15:00:49.605+0000] {dag.py:3954} INFO - Setting next_dagrun for produce_json to 2026-05-30 13:00:00+00:00, run_after=2026-05-31 13:00:00+00:00
[2026-05-30T15:00:49.611+0000] {logging_mixin.py:188} INFO - [2026-05-30T15:00:49.611+0000] {dag.py:3954} INFO - Setting next_dagrun for update_db to None, run_after=None
[2026-05-30T15:00:49.655+0000] {processor.py:183} INFO - Processing /opt/airflow/dags/main.py took 0.360 seconds
[2026-05-30T15:01:19.968+0000] {processor.py:161} INFO - Started process (PID=284) to work on /opt/airflow/dags/main.py
[2026-05-30T15:01:19.970+0000] {processor.py:830} INFO - Processing file /opt/airflow/dags/main.py for tasks to queue
[2026-05-30T15:01:19.975+0000] {logging_mixin.py:188} INFO - [2026-05-30T15:01:19.973+0000] {dagbag.py:545} INFO - Filling up the DagBag from /opt/airflow/dags/main.py
[2026-05-30T15:01:20.216+0000] {processor.py:840} INFO - DAG(s) 'update_db', 'produce_json' retrieved from /opt/airflow/dags/main.py
[2026-05-30T15:01:20.324+0000] {logging_mixin.py:188} INFO - [2026-05-30T15:01:20.323+0000] {dag.py:3096} INFO - Sync 2 DAGs
[2026-05-30T15:01:20.486+0000] {logging_mixin.py:188} INFO - [2026-05-30T15:01:20.485+0000] {dag.py:3954} INFO - Setting next_dagrun for produce_json to 2026-05-30 13:00:00+00:00, run_after=2026-05-31 13:00:00+00:00
[2026-05-30T15:01:20.514+0000] {logging_mixin.py:188} INFO - [2026-05-30T15:01:20.504+0000] {dag.py:3954} INFO - Setting next_dagrun for update_db to None, run_after=None
[2026-05-30T15:01:20.574+0000] {processor.py:183} INFO - Processing /opt/airflow/dags/main.py took 0.616 seconds
[2026-05-30T15:01:51.194+0000] {processor.py:161} INFO - Started process (PID=291) to work on /opt/airflow/dags/main.py
[2026-05-30T15:01:51.198+0000] {processor.py:830} INFO - Processing file /opt/airflow/dags/main.py for tasks to queue
[2026-05-30T15:01:51.206+0000] {logging_mixin.py:188} INFO - [2026-05-30T15:01:51.205+0000] {dagbag.py:545} INFO - Filling up the DagBag from /opt/airflow/dags/main.py
[2026-05-30T15:01:51.427+0000] {processor.py:840} INFO - DAG(s) 'produce_json', 'update_db' retrieved from /opt/airflow/dags/main.py
[2026-05-30T15:01:51.513+0000] {logging_mixin.py:188} INFO - [2026-05-30T15:01:51.513+0000] {dag.py:3096} INFO - Sync 2 DAGs
[2026-05-30T15:01:51.574+0000] {logging_mixin.py:188} INFO - [2026-05-30T15:01:51.574+0000] {dag.py:3954} INFO - Setting next_dagrun for produce_json to 2026-05-30 13:00:00+00:00, run_after=2026-05-31 13:00:00+00:00
[2026-05-30T15:01:51.583+0000] {logging_mixin.py:188} INFO - [2026-05-30T15:01:51.582+0000] {dag.py:3954} INFO - Setting next_dagrun for update_db to None, run_after=None
[2026-05-30T15:01:51.617+0000] {processor.py:183} INFO - Processing /opt/airflow/dags/main.py took 0.447 seconds
[2026-05-30T15:02:24.561+0000] {processor.py:161} INFO - Started process (PID=299) to work on /opt/airflow/dags/main.py
[2026-05-30T15:02:24.563+0000] {processor.py:830} INFO - Processing file /opt/airflow/dags/main.py for tasks to queue
[2026-05-30T15:02:24.567+0000] {logging_mixin.py:188} INFO - [2026-05-30T15:02:24.566+0000] {dagbag.py:545} INFO - Filling up the DagBag from /opt/airflow/dags/main.py
[2026-05-30T15:02:24.726+0000] {processor.py:840} INFO - DAG(s) 'update_db', 'produce_json' retrieved from /opt/airflow/dags/main.py
[2026-05-30T15:02:24.765+0000] {logging_mixin.py:188} INFO - [2026-05-30T15:02:24.764+0000] {dag.py:3096} INFO - Sync 2 DAGs
[2026-05-30T15:02:24.801+0000] {logging_mixin.py:188} INFO - [2026-05-30T15:02:24.801+0000] {dag.py:3954} INFO - Setting next_dagrun for produce_json to 2026-05-30 13:00:00+00:00, run_after=2026-05-31 13:00:00+00:00
[2026-05-30T15:02:24.808+0000] {logging_mixin.py:188} INFO - [2026-05-30T15:02:24.808+0000] {dag.py:3954} INFO - Setting next_dagrun for update_db to None, run_after=None
[2026-05-30T15:02:24.833+0000] {processor.py:183} INFO - Processing /opt/airflow/dags/main.py took 0.280 seconds
[2026-05-30T15:02:56.598+0000] {processor.py:161} INFO - Started process (PID=306) to work on /opt/airflow/dags/main.py
[2026-05-30T15:02:56.600+0000] {processor.py:830} INFO - Processing file /opt/airflow/dags/main.py for tasks to queue
[2026-05-30T15:02:56.604+0000] {logging_mixin.py:188} INFO - [2026-05-30T15:02:56.603+0000] {dagbag.py:545} INFO - Filling up the DagBag from /opt/airflow/dags/main.py
[2026-05-30T15:02:56.851+0000] {processor.py:840} INFO - DAG(s) 'update_db', 'produce_json' retrieved from /opt/airflow/dags/main.py
[2026-05-30T15:02:56.906+0000] {logging_mixin.py:188} INFO - [2026-05-30T15:02:56.905+0000] {dag.py:3096} INFO - Sync 2 DAGs
[2026-05-30T15:02:56.954+0000] {logging_mixin.py:188} INFO - [2026-05-30T15:02:56.954+0000] {dag.py:3954} INFO - Setting next_dagrun for produce_json to 2026-05-30 13:00:00+00:00, run_after=2026-05-31 13:00:00+00:00
[2026-05-30T15:02:56.963+0000] {logging_mixin.py:188} INFO - [2026-05-30T15:02:56.962+0000] {dag.py:3954} INFO - Setting next_dagrun for update_db to None, run_after=None
[2026-05-30T15:02:57.005+0000] {processor.py:183} INFO - Processing /opt/airflow/dags/main.py took 0.419 seconds
[2026-05-30T15:03:29.811+0000] {processor.py:161} INFO - Started process (PID=313) to work on /opt/airflow/dags/main.py
[2026-05-30T15:03:29.813+0000] {processor.py:830} INFO - Processing file /opt/airflow/dags/main.py for tasks to queue
[2026-05-30T15:03:29.817+0000] {logging_mixin.py:188} INFO - [2026-05-30T15:03:29.817+0000] {dagbag.py:545} INFO - Filling up the DagBag from /opt/airflow/dags/main.py
[2026-05-30T15:03:29.957+0000] {processor.py:840} INFO - DAG(s) 'update_db', 'produce_json' retrieved from /opt/airflow/dags/main.py
[2026-05-30T15:03:29.994+0000] {logging_mixin.py:188} INFO - [2026-05-30T15:03:29.993+0000] {dag.py:3096} INFO - Sync 2 DAGs
[2026-05-30T15:03:30.027+0000] {logging_mixin.py:188} INFO - [2026-05-30T15:03:30.027+0000] {dag.py:3954} INFO - Setting next_dagrun for produce_json to 2026-05-30 13:00:00+00:00, run_after=2026-05-31 13:00:00+00:00
[2026-05-30T15:03:30.033+0000] {logging_mixin.py:188} INFO - [2026-05-30T15:03:30.033+0000] {dag.py:3954} INFO - Setting next_dagrun for update_db to None, run_after=None
[2026-05-30T15:03:30.107+0000] {processor.py:183} INFO - Processing /opt/airflow/dags/main.py took 0.305 seconds
[2026-05-30T15:04:02.025+0000] {processor.py:161} INFO - Started process (PID=320) to work on /opt/airflow/dags/main.py
[2026-05-30T15:04:02.027+0000] {processor.py:830} INFO - Processing file /opt/airflow/dags/main.py for tasks to queue
[2026-05-30T15:04:02.031+0000] {logging_mixin.py:188} INFO - [2026-05-30T15:04:02.030+0000] {dagbag.py:545} INFO - Filling up the DagBag from /opt/airflow/dags/main.py
[2026-05-30T15:04:02.332+0000] {processor.py:840} INFO - DAG(s) 'update_db', 'produce_json' retrieved from /opt/airflow/dags/main.py
[2026-05-30T15:04:02.427+0000] {logging_mixin.py:188} INFO - [2026-05-30T15:04:02.427+0000] {dag.py:3096} INFO - Sync 2 DAGs
[2026-05-30T15:04:02.488+0000] {logging_mixin.py:188} INFO - [2026-05-30T15:04:02.488+0000] {dag.py:3954} INFO - Setting next_dagrun for produce_json to 2026-05-30 13:00:00+00:00, run_after=2026-05-31 13:00:00+00:00
[2026-05-30T15:04:02.499+0000] {logging_mixin.py:188} INFO - [2026-05-30T15:04:02.499+0000] {dag.py:3954} INFO - Setting next_dagrun for update_db to None, run_after=None
[2026-05-30T15:04:02.549+0000] {processor.py:183} INFO - Processing /opt/airflow/dags/main.py took 0.534 seconds
[2026-05-30T15:04:35.069+0000] {processor.py:161} INFO - Started process (PID=327) to work on /opt/airflow/dags/main.py
[2026-05-30T15:04:35.071+0000] {processor.py:830} INFO - Processing file /opt/airflow/dags/main.py for tasks to queue
[2026-05-30T15:04:35.074+0000] {logging_mixin.py:188} INFO - [2026-05-30T15:04:35.074+0000] {dagbag.py:545} INFO - Filling up the DagBag from /opt/airflow/dags/main.py
[2026-05-30T15:04:35.226+0000] {processor.py:840} INFO - DAG(s) 'update_db', 'produce_json' retrieved from /opt/airflow/dags/main.py
[2026-05-30T15:04:35.263+0000] {logging_mixin.py:188} INFO - [2026-05-30T15:04:35.263+0000] {dag.py:3096} INFO - Sync 2 DAGs
[2026-05-30T15:04:35.298+0000] {logging_mixin.py:188} INFO - [2026-05-30T15:04:35.298+0000] {dag.py:3954} INFO - Setting next_dagrun for produce_json to 2026-05-30 13:00:00+00:00, run_after=2026-05-31 13:00:00+00:00
[2026-05-30T15:04:35.305+0000] {logging_mixin.py:188} INFO - [2026-05-30T15:04:35.304+0000] {dag.py:3954} INFO - Setting next_dagrun for update_db to None, run_after=None
[2026-05-30T15:04:35.332+0000] {processor.py:183} INFO - Processing /opt/airflow/dags/main.py took 0.272 seconds
[2026-05-30T15:05:05.645+0000] {processor.py:161} INFO - Started process (PID=334) to work on /opt/airflow/dags/main.py
[2026-05-30T15:05:05.647+0000] {processor.py:830} INFO - Processing file /opt/airflow/dags/main.py for tasks to queue
[2026-05-30T15:05:05.651+0000] {logging_mixin.py:188} INFO - [2026-05-30T15:05:05.651+0000] {dagbag.py:545} INFO - Filling up the DagBag from /opt/airflow/dags/main.py
[2026-05-30T15:05:05.940+0000] {processor.py:840} INFO - DAG(s) 'update_db', 'produce_json' retrieved from /opt/airflow/dags/main.py
[2026-05-30T15:05:06.024+0000] {logging_mixin.py:188} INFO - [2026-05-30T15:05:06.024+0000] {dag.py:3096} INFO - Sync 2 DAGs
[2026-05-30T15:05:06.127+0000] {logging_mixin.py:188} INFO - [2026-05-30T15:05:06.126+0000] {dag.py:3954} INFO - Setting next_dagrun for produce_json to 2026-05-30 13:00:00+00:00, run_after=2026-05-31 13:00:00+00:00
[2026-05-30T15:05:06.148+0000] {logging_mixin.py:188} INFO - [2026-05-30T15:05:06.147+0000] {dag.py:3954} INFO - Setting next_dagrun for update_db to None, run_after=None
[2026-05-30T15:05:06.228+0000] {processor.py:183} INFO - Processing /opt/airflow/dags/main.py took 0.595 seconds
[2026-05-30T15:05:37.374+0000] {processor.py:161} INFO - Started process (PID=341) to work on /opt/airflow/dags/main.py
[2026-05-30T15:05:37.376+0000] {processor.py:830} INFO - Processing file /opt/airflow/dags/main.py for tasks to queue
[2026-05-30T15:05:37.379+0000] {logging_mixin.py:188} INFO - [2026-05-30T15:05:37.379+0000] {dagbag.py:545} INFO - Filling up the DagBag from /opt/airflow/dags/main.py
[2026-05-30T15:05:37.515+0000] {processor.py:840} INFO - DAG(s) 'produce_json', 'update_db' retrieved from /opt/airflow/dags/main.py
[2026-05-30T15:05:37.553+0000] {logging_mixin.py:188} INFO - [2026-05-30T15:05:37.553+0000] {dag.py:3096} INFO - Sync 2 DAGs
[2026-05-30T15:05:37.599+0000] {logging_mixin.py:188} INFO - [2026-05-30T15:05:37.598+0000] {dag.py:3954} INFO - Setting next_dagrun for produce_json to 2026-05-30 13:00:00+00:00, run_after=2026-05-31 13:00:00+00:00
[2026-05-30T15:05:37.609+0000] {logging_mixin.py:188} INFO - [2026-05-30T15:05:37.608+0000] {dag.py:3954} INFO - Setting next_dagrun for update_db to None, run_after=None
[2026-05-30T15:05:37.646+0000] {processor.py:183} INFO - Processing /opt/airflow/dags/main.py took 0.282 seconds
[2026-05-30T15:06:10.339+0000] {processor.py:161} INFO - Started process (PID=348) to work on /opt/airflow/dags/main.py
[2026-05-30T15:06:10.341+0000] {processor.py:830} INFO - Processing file /opt/airflow/dags/main.py for tasks to queue
[2026-05-30T15:06:10.346+0000] {logging_mixin.py:188} INFO - [2026-05-30T15:06:10.345+0000] {dagbag.py:545} INFO - Filling up the DagBag from /opt/airflow/dags/main.py
[2026-05-30T15:06:10.605+0000] {processor.py:840} INFO - DAG(s) 'produce_json', 'update_db' retrieved from /opt/airflow/dags/main.py
[2026-05-30T15:06:10.686+0000] {logging_mixin.py:188} INFO - [2026-05-30T15:06:10.685+0000] {dag.py:3096} INFO - Sync 2 DAGs
[2026-05-30T15:06:10.750+0000] {logging_mixin.py:188} INFO - [2026-05-30T15:06:10.750+0000] {dag.py:3954} INFO - Setting next_dagrun for produce_json to 2026-05-30 13:00:00+00:00, run_after=2026-05-31 13:00:00+00:00
[2026-05-30T15:06:10.761+0000] {logging_mixin.py:188} INFO - [2026-05-30T15:06:10.760+0000] {dag.py:3954} INFO - Setting next_dagrun for update_db to None, run_after=None
[2026-05-30T15:06:10.806+0000] {processor.py:183} INFO - Processing /opt/airflow/dags/main.py took 0.482 seconds
[2026-05-30T15:06:42.842+0000] {processor.py:161} INFO - Started process (PID=355) to work on /opt/airflow/dags/main.py
[2026-05-30T15:06:42.844+0000] {processor.py:830} INFO - Processing file /opt/airflow/dags/main.py for tasks to queue
[2026-05-30T15:06:42.848+0000] {logging_mixin.py:188} INFO - [2026-05-30T15:06:42.847+0000] {dagbag.py:545} INFO - Filling up the DagBag from /opt/airflow/dags/main.py
[2026-05-30T15:06:42.996+0000] {processor.py:840} INFO - DAG(s) 'produce_json', 'update_db' retrieved from /opt/airflow/dags/main.py
[2026-05-30T15:06:43.051+0000] {logging_mixin.py:188} INFO - [2026-05-30T15:06:43.050+0000] {dag.py:3096} INFO - Sync 2 DAGs
[2026-05-30T15:06:43.108+0000] {logging_mixin.py:188} INFO - [2026-05-30T15:06:43.108+0000] {dag.py:3954} INFO - Setting next_dagrun for produce_json to 2026-05-30 13:00:00+00:00, run_after=2026-05-31 13:00:00+00:00
[2026-05-30T15:06:43.118+0000] {logging_mixin.py:188} INFO - [2026-05-30T15:06:43.117+0000] {dag.py:3954} INFO - Setting next_dagrun for update_db to None, run_after=None
[2026-05-30T15:06:43.168+0000] {processor.py:183} INFO - Processing /opt/airflow/dags/main.py took 0.335 seconds
[2026-05-30T15:07:14.018+0000] {processor.py:161} INFO - Started process (PID=362) to work on /opt/airflow/dags/main.py
[2026-05-30T15:07:14.022+0000] {processor.py:830} INFO - Processing file /opt/airflow/dags/main.py for tasks to queue
[2026-05-30T15:07:14.030+0000] {logging_mixin.py:188} INFO - [2026-05-30T15:07:14.029+0000] {dagbag.py:545} INFO - Filling up the DagBag from /opt/airflow/dags/main.py
[2026-05-30T15:07:14.502+0000] {processor.py:840} INFO - DAG(s) 'produce_json', 'update_db' retrieved from /opt/airflow/dags/main.py
[2026-05-30T15:07:14.599+0000] {logging_mixin.py:188} INFO - [2026-05-30T15:07:14.598+0000] {dag.py:3096} INFO - Sync 2 DAGs
[2026-05-30T15:07:14.691+0000] {logging_mixin.py:188} INFO - [2026-05-30T15:07:14.691+0000] {dag.py:3954} INFO - Setting next_dagrun for produce_json to 2026-05-30 13:00:00+00:00, run_after=2026-05-31 13:00:00+00:00
[2026-05-30T15:07:14.719+0000] {logging_mixin.py:188} INFO - [2026-05-30T15:07:14.718+0000] {dag.py:3954} INFO - Setting next_dagrun for update_db to None, run_after=None
[2026-05-30T15:07:14.779+0000] {processor.py:183} INFO - Processing /opt/airflow/dags/main.py took 0.789 seconds
[2026-05-30T15:07:45.786+0000] {processor.py:161} INFO - Started process (PID=369) to work on /opt/airflow/dags/main.py
[2026-05-30T15:07:45.788+0000] {processor.py:830} INFO - Processing file /opt/airflow/dags/main.py for tasks to queue
[2026-05-30T15:07:45.791+0000] {logging_mixin.py:188} INFO - [2026-05-30T15:07:45.790+0000] {dagbag.py:545} INFO - Filling up the DagBag from /opt/airflow/dags/main.py
[2026-05-30T15:07:45.927+0000] {processor.py:840} INFO - DAG(s) 'produce_json', 'update_db' retrieved from /opt/airflow/dags/main.py
[2026-05-30T15:07:45.964+0000] {logging_mixin.py:188} INFO - [2026-05-30T15:07:45.964+0000] {dag.py:3096} INFO - Sync 2 DAGs
[2026-05-30T15:07:46.003+0000] {logging_mixin.py:188} INFO - [2026-05-30T15:07:46.002+0000] {dag.py:3954} INFO - Setting next_dagrun for produce_json to 2026-05-30 13:00:00+00:00, run_after=2026-05-31 13:00:00+00:00
[2026-05-30T15:07:46.009+0000] {logging_mixin.py:188} INFO - [2026-05-30T15:07:46.008+0000] {dag.py:3954} INFO - Setting next_dagrun for update_db to None, run_after=None
[2026-05-30T15:07:46.036+0000] {processor.py:183} INFO - Processing /opt/airflow/dags/main.py took 0.259 seconds
[2026-05-30T15:08:18.852+0000] {processor.py:161} INFO - Started process (PID=375) to work on /opt/airflow/dags/main.py
[2026-05-30T15:08:18.854+0000] {processor.py:830} INFO - Processing file /opt/airflow/dags/main.py for tasks to queue
[2026-05-30T15:08:18.860+0000] {logging_mixin.py:188} INFO - [2026-05-30T15:08:18.859+0000] {dagbag.py:545} INFO - Filling up the DagBag from /opt/airflow/dags/main.py
[2026-05-30T15:08:19.009+0000] {processor.py:840} INFO - DAG(s) 'produce_json', 'update_db' retrieved from /opt/airflow/dags/main.py
[2026-05-30T15:08:19.064+0000] {logging_mixin.py:188} INFO - [2026-05-30T15:08:19.064+0000] {dag.py:3096} INFO - Sync 2 DAGs
[2026-05-30T15:08:19.101+0000] {logging_mixin.py:188} INFO - [2026-05-30T15:08:19.101+0000] {dag.py:3954} INFO - Setting next_dagrun for produce_json to 2026-05-30 13:00:00+00:00, run_after=2026-05-31 13:00:00+00:00
[2026-05-30T15:08:19.106+0000] {logging_mixin.py:188} INFO - [2026-05-30T15:08:19.106+0000] {dag.py:3954} INFO - Setting next_dagrun for update_db to None, run_after=None
[2026-05-30T15:08:19.143+0000] {processor.py:183} INFO - Processing /opt/airflow/dags/main.py took 0.308 seconds
