[2026-05-30T14:53:27.808+0000] {local_task_job_runner.py:120} INFO - ::group::Pre task execution logs
[2026-05-30T14:53:28.044+0000] {taskinstance.py:2076} INFO - Dependencies all met for dep_context=non-requeueable deps ti=<TaskInstance: update_db.staging_table manual__2026-05-30T14:53:08.820363+00:00 [queued]>
[2026-05-30T14:53:28.095+0000] {taskinstance.py:2076} INFO - Dependencies all met for dep_context=requeueable deps ti=<TaskInstance: update_db.staging_table manual__2026-05-30T14:53:08.820363+00:00 [queued]>
[2026-05-30T14:53:28.097+0000] {taskinstance.py:2306} INFO - Starting attempt 1 of 1
[2026-05-30T14:53:28.165+0000] {taskinstance.py:2330} INFO - Executing <Task(_PythonDecoratedOperator): staging_table> on 2026-05-30 14:53:08.820363+00:00
[2026-05-30T14:53:28.196+0000] {standard_task_runner.py:63} INFO - Started process 174 to run task
[2026-05-30T14:53:28.210+0000] {standard_task_runner.py:90} INFO - Running: ['airflow', 'tasks', 'run', 'update_db', 'staging_table', 'manual__2026-05-30T14:53:08.820363+00:00', '--job-id', '17', '--raw', '--subdir', 'DAGS_FOLDER/main.py', '--cfg-path', '/tmp/tmpjce7delz']
[2026-05-30T14:53:28.213+0000] {standard_task_runner.py:91} INFO - Job 17: Subtask staging_table
[2026-05-30T14:53:28.418+0000] {task_command.py:426} INFO - Running <TaskInstance: update_db.staging_table manual__2026-05-30T14:53:08.820363+00:00 [running]> on host e1649dd946d3
[2026-05-30T14:53:28.887+0000] {taskinstance.py:2648} INFO - Exporting env vars: AIRFLOW_CTX_DAG_EMAIL='data@engineers.com' AIRFLOW_CTX_DAG_OWNER='dataengineers' AIRFLOW_CTX_DAG_ID='update_db' AIRFLOW_CTX_TASK_ID='staging_table' AIRFLOW_CTX_EXECUTION_DATE='2026-05-30T14:53:08.820363+00:00' AIRFLOW_CTX_TRY_NUMBER='1' AIRFLOW_CTX_DAG_RUN_ID='manual__2026-05-30T14:53:08.820363+00:00'
[2026-05-30T14:53:28.912+0000] {taskinstance.py:430} INFO - ::endgroup::
[2026-05-30T14:53:28.979+0000] {crypto.py:82} WARNING - empty cryptography key - values will not be stored encrypted.
[2026-05-30T14:53:29.061+0000] {base.py:84} INFO - Using connection ID 'postgres_db_yt_elt' for task execution.
[2026-05-30T14:53:29.093+0000] {data_loading.py:13} INFO - Processing file: YT_data_2026-05-30
[2026-05-30T14:53:29.217+0000] {base.py:84} INFO - Using connection ID 'postgres_db_yt_elt' for task execution.
[2026-05-30T14:53:29.269+0000] {base.py:84} INFO - Using connection ID 'postgres_db_yt_elt' for task execution.
[2026-05-30T14:53:29.377+0000] {data_modification.py:78} INFO - Updated row with Video_ID: J7iuGS214Tk
[2026-05-30T14:53:29.407+0000] {data_modification.py:78} INFO - Updated row with Video_ID: qKJ8eoi2Btk
[2026-05-30T14:53:29.415+0000] {data_modification.py:78} INFO - Updated row with Video_ID: -uvak-k7Hm8
[2026-05-30T14:53:29.427+0000] {data_modification.py:78} INFO - Updated row with Video_ID: E9E2LagzuDM
[2026-05-30T14:53:29.458+0000] {data_modification.py:78} INFO - Updated row with Video_ID: ro80pWQTGXY
[2026-05-30T14:53:29.466+0000] {data_modification.py:78} INFO - Updated row with Video_ID: Blfem-XAUdw
[2026-05-30T14:53:29.486+0000] {data_modification.py:78} INFO - Updated row with Video_ID: CbkvMJF4jLg
[2026-05-30T14:53:29.519+0000] {data_modification.py:78} INFO - Updated row with Video_ID: EwYVwbO8xd0
[2026-05-30T14:53:29.561+0000] {data_modification.py:78} INFO - Updated row with Video_ID: U9ukBVeSRqA
[2026-05-30T14:53:29.566+0000] {data_modification.py:78} INFO - Updated row with Video_ID: UQn8fXQmSXw
[2026-05-30T14:53:29.573+0000] {data_modification.py:78} INFO - Updated row with Video_ID: hbnl7l045rA
[2026-05-30T14:53:29.580+0000] {data_modification.py:78} INFO - Updated row with Video_ID: zsRLb4vhAnQ
[2026-05-30T14:53:29.592+0000] {data_modification.py:78} INFO - Updated row with Video_ID: TcVcZafZNuc
[2026-05-30T14:53:29.602+0000] {data_modification.py:78} INFO - Updated row with Video_ID: p3BJry8mZd0
[2026-05-30T14:53:29.609+0000] {data_modification.py:78} INFO - Updated row with Video_ID: BPvJqDKV2IU
[2026-05-30T14:53:29.621+0000] {data_modification.py:78} INFO - Updated row with Video_ID: 08hlv93K0kQ
[2026-05-30T14:53:29.642+0000] {data_modification.py:78} INFO - Updated row with Video_ID: 3XfUt7ZVXYE
[2026-05-30T14:53:29.654+0000] {data_modification.py:78} INFO - Updated row with Video_ID: Wi_qbuXala8
[2026-05-30T14:53:29.665+0000] {data_modification.py:78} INFO - Updated row with Video_ID: nsGvobA2pZ4
[2026-05-30T14:53:29.684+0000] {data_modification.py:78} INFO - Updated row with Video_ID: PjxEhmatyG0
[2026-05-30T14:53:29.697+0000] {data_modification.py:78} INFO - Updated row with Video_ID: 0wymT7Qesws
[2026-05-30T14:53:29.710+0000] {data_modification.py:78} INFO - Updated row with Video_ID: 5ymHCaPjqBw
[2026-05-30T14:53:29.727+0000] {data_modification.py:78} INFO - Updated row with Video_ID: cn4sVkizmAg
[2026-05-30T14:53:29.750+0000] {data_modification.py:78} INFO - Updated row with Video_ID: FLz8TPvr9-o
[2026-05-30T14:53:29.790+0000] {data_modification.py:78} INFO - Updated row with Video_ID: R8QQWpvj3vk
[2026-05-30T14:53:29.819+0000] {data_modification.py:78} INFO - Updated row with Video_ID: kfY_QVusCRQ
[2026-05-30T14:53:29.856+0000] {data_modification.py:78} INFO - Updated row with Video_ID: VpeJJAYr_do
[2026-05-30T14:53:29.919+0000] {data_modification.py:78} INFO - Updated row with Video_ID: fKs9sq4fGS4
[2026-05-30T14:53:29.978+0000] {data_modification.py:78} INFO - Updated row with Video_ID: Pd63Q2g2z2s
[2026-05-30T14:53:30.020+0000] {data_modification.py:78} INFO - Updated row with Video_ID: fVQYvEbqcEU
[2026-05-30T14:53:30.051+0000] {data_modification.py:78} INFO - Updated row with Video_ID: -J-JudZbtBA
[2026-05-30T14:53:30.086+0000] {data_modification.py:78} INFO - Updated row with Video_ID: qVFbRid8RdU
[2026-05-30T14:53:30.106+0000] {data_modification.py:78} INFO - Updated row with Video_ID: Uc44Bk3I8zI
[2026-05-30T14:53:30.128+0000] {data_modification.py:78} INFO - Updated row with Video_ID: Bs_omT0QPHs
[2026-05-30T14:53:30.150+0000] {data_modification.py:78} INFO - Updated row with Video_ID: eBUOqZH6hhI
[2026-05-30T14:53:30.158+0000] {data_modification.py:78} INFO - Updated row with Video_ID: rYtFHPSoX8o
[2026-05-30T14:53:30.168+0000] {data_modification.py:78} INFO - Updated row with Video_ID: W7kY8VqILGE
[2026-05-30T14:53:30.173+0000] {data_modification.py:78} INFO - Updated row with Video_ID: vqyfPkhMsFw
[2026-05-30T14:53:30.190+0000] {data_modification.py:78} INFO - Updated row with Video_ID: LWqWssPXYZE
[2026-05-30T14:53:30.207+0000] {data_modification.py:78} INFO - Updated row with Video_ID: WpkYBwLa9as
[2026-05-30T14:53:30.240+0000] {data_modification.py:78} INFO - Updated row with Video_ID: TxFcfhtZDAU
[2026-05-30T14:53:30.249+0000] {data_modification.py:78} INFO - Updated row with Video_ID: OIIGubqPprY
[2026-05-30T14:53:30.264+0000] {data_modification.py:78} INFO - Updated row with Video_ID: Oa8We6Uy2Tg
[2026-05-30T14:53:30.282+0000] {data_modification.py:78} INFO - Updated row with Video_ID: l1B9svMQoII
[2026-05-30T14:53:30.290+0000] {data_modification.py:78} INFO - Updated row with Video_ID: RZo0pPImJCU
[2026-05-30T14:53:30.296+0000] {data_modification.py:78} INFO - Updated row with Video_ID: GMBi7AtYOTQ
[2026-05-30T14:53:30.301+0000] {data_modification.py:78} INFO - Updated row with Video_ID: F6I8Yi6qZ14
[2026-05-30T14:53:30.311+0000] {data_modification.py:78} INFO - Updated row with Video_ID: KsRiniegN58
[2026-05-30T14:53:30.323+0000] {data_modification.py:78} INFO - Updated row with Video_ID: 3PUOYTrqFOE
[2026-05-30T14:53:30.331+0000] {data_modification.py:78} INFO - Updated row with Video_ID: WL7gICZID8A
[2026-05-30T14:53:30.354+0000] {data_modification.py:78} INFO - Updated row with Video_ID: yKvcHDy__gs
[2026-05-30T14:53:30.365+0000] {data_modification.py:78} INFO - Updated row with Video_ID: _pOzPjd3bE0
[2026-05-30T14:53:30.373+0000] {data_modification.py:78} INFO - Updated row with Video_ID: F7ik2y2NpNA
[2026-05-30T14:53:30.382+0000] {data_modification.py:78} INFO - Updated row with Video_ID: 325SWvlOYME
[2026-05-30T14:53:30.387+0000] {data_modification.py:78} INFO - Updated row with Video_ID: 39hnQGzYO6M
[2026-05-30T14:53:30.397+0000] {data_modification.py:78} INFO - Updated row with Video_ID: 2Lx_hVAJS9o
[2026-05-30T14:53:30.403+0000] {data_modification.py:78} INFO - Updated row with Video_ID: GyHp_lB8f_k
[2026-05-30T14:53:30.408+0000] {data_modification.py:78} INFO - Updated row with Video_ID: 3z32TUvZ6_0
[2026-05-30T14:53:30.416+0000] {data_modification.py:78} INFO - Updated row with Video_ID: A8fVMBaj8Ew
[2026-05-30T14:53:30.422+0000] {data_modification.py:78} INFO - Updated row with Video_ID: sNLE26ouDW0
[2026-05-30T14:53:30.428+0000] {data_modification.py:78} INFO - Updated row with Video_ID: TOhMvikfZ-M
[2026-05-30T14:53:30.436+0000] {data_modification.py:78} INFO - Updated row with Video_ID: mwa5q6YCaAM
[2026-05-30T14:53:30.446+0000] {data_modification.py:78} INFO - Updated row with Video_ID: VIqOhk7rdZM
[2026-05-30T14:53:30.451+0000] {data_modification.py:78} INFO - Updated row with Video_ID: eNDOq4mcBDQ
[2026-05-30T14:53:30.458+0000] {data_modification.py:78} INFO - Updated row with Video_ID: fR7H02efUaA
[2026-05-30T14:53:30.462+0000] {data_modification.py:78} INFO - Updated row with Video_ID: lVeaMJNLmv8
[2026-05-30T14:53:30.467+0000] {data_modification.py:78} INFO - Updated row with Video_ID: sbjtshYTdTQ
[2026-05-30T14:53:30.473+0000] {data_modification.py:78} INFO - Updated row with Video_ID: t9cyYSDVHqQ
[2026-05-30T14:53:30.478+0000] {data_modification.py:78} INFO - Updated row with Video_ID: SAI7sqQNy8I
[2026-05-30T14:53:30.483+0000] {data_modification.py:78} INFO - Updated row with Video_ID: GUa80ZR9RzU
[2026-05-30T14:53:30.492+0000] {data_modification.py:78} INFO - Updated row with Video_ID: oThcYYTa_00
[2026-05-30T14:53:30.509+0000] {data_modification.py:78} INFO - Updated row with Video_ID: JqZWuseICJc
[2026-05-30T14:53:30.520+0000] {data_modification.py:78} INFO - Updated row with Video_ID: iakEDtJwLCE
[2026-05-30T14:53:30.525+0000] {data_modification.py:78} INFO - Updated row with Video_ID: v30u6I4GE2Y
[2026-05-30T14:53:30.528+0000] {data_modification.py:78} INFO - Updated row with Video_ID: 6kPs_x8F6vU
[2026-05-30T14:53:30.540+0000] {data_modification.py:78} INFO - Updated row with Video_ID: -pl-NHbh9IY
[2026-05-30T14:53:30.549+0000] {data_modification.py:78} INFO - Updated row with Video_ID: nV4pYLAyUWs
[2026-05-30T14:53:30.563+0000] {data_modification.py:40} ERROR - Error inserting row with Video_ID: OpR1QCjt4-A
[2026-05-30T14:53:30.576+0000] {dwh.py:43} ERROR - An error occurred during the update of staging table: duplicate key value violates unique constraint "yt_api_pkey"
DETAIL:  Key ("Video_ID")=(OpR1QCjt4-A) already exists.

[2026-05-30T14:53:30.587+0000] {taskinstance.py:441} INFO - ::group::Post task execution logs
[2026-05-30T14:53:30.602+0000] {taskinstance.py:2905} ERROR - Task failed with exception
Traceback (most recent call last):
  File "/home/airflow/.local/lib/python3.10/site-packages/airflow/models/taskinstance.py", line 465, in _execute_task
    result = _execute_callable(context=context, **execute_callable_kwargs)
  File "/home/airflow/.local/lib/python3.10/site-packages/airflow/models/taskinstance.py", line 432, in _execute_callable
    return execute_callable(context=context, **execute_callable_kwargs)
  File "/home/airflow/.local/lib/python3.10/site-packages/airflow/models/baseoperator.py", line 401, in wrapper
    return func(self, *args, **kwargs)
  File "/home/airflow/.local/lib/python3.10/site-packages/airflow/decorators/base.py", line 265, in execute
    return_value = super().execute(context)
  File "/home/airflow/.local/lib/python3.10/site-packages/airflow/models/baseoperator.py", line 401, in wrapper
    return func(self, *args, **kwargs)
  File "/home/airflow/.local/lib/python3.10/site-packages/airflow/operators/python.py", line 235, in execute
    return_value = self.execute_callable()
  File "/home/airflow/.local/lib/python3.10/site-packages/airflow/operators/python.py", line 252, in execute_callable
    return self.python_callable(*self.op_args, **self.op_kwargs)
  File "/opt/airflow/dags/datawarehouse/dwh.py", line 44, in staging_table
    raise e
  File "/opt/airflow/dags/datawarehouse/dwh.py", line 35, in staging_table
    insert_rows(cur, conn, schema, row)
  File "/opt/airflow/dags/datawarehouse/data_modification.py", line 41, in insert_rows
    raise e
  File "/opt/airflow/dags/datawarehouse/data_modification.py", line 15, in insert_rows
    cur.execute(
  File "/home/airflow/.local/lib/python3.10/site-packages/psycopg2/extras.py", line 236, in execute
    return super().execute(query, vars)
psycopg2.errors.UniqueViolation: duplicate key value violates unique constraint "yt_api_pkey"
DETAIL:  Key ("Video_ID")=(OpR1QCjt4-A) already exists.

[2026-05-30T14:53:30.720+0000] {taskinstance.py:1206} INFO - Marking task as FAILED. dag_id=update_db, task_id=staging_table, run_id=manual__2026-05-30T14:53:08.820363+00:00, execution_date=20260530T145308, start_date=20260530T145328, end_date=20260530T145330
[2026-05-30T14:53:30.880+0000] {standard_task_runner.py:110} ERROR - Failed to execute job 17 for task staging_table (duplicate key value violates unique constraint "yt_api_pkey"
DETAIL:  Key ("Video_ID")=(OpR1QCjt4-A) already exists.
; 174)
[2026-05-30T14:53:31.100+0000] {local_task_job_runner.py:240} INFO - Task exited with return code 1
[2026-05-30T14:53:31.362+0000] {taskinstance.py:3503} INFO - 0 downstream tasks scheduled from follow-on schedule check
[2026-05-30T14:53:31.426+0000] {local_task_job_runner.py:222} INFO - ::endgroup::
