[2026-05-15T15:24:06.013+0000] {local_task_job_runner.py:120} INFO - ::group::Pre task execution logs
[2026-05-15T15:24:06.124+0000] {taskinstance.py:2076} INFO - Dependencies all met for dep_context=non-requeueable deps ti=<TaskInstance: Update_db.staging_table manual__2026-05-15T15:23:56.677492+00:00 [queued]>
[2026-05-15T15:24:06.172+0000] {taskinstance.py:2076} INFO - Dependencies all met for dep_context=requeueable deps ti=<TaskInstance: Update_db.staging_table manual__2026-05-15T15:23:56.677492+00:00 [queued]>
[2026-05-15T15:24:06.195+0000] {taskinstance.py:2306} INFO - Starting attempt 1 of 1
[2026-05-15T15:24:06.309+0000] {taskinstance.py:2330} INFO - Executing <Task(_PythonDecoratedOperator): staging_table> on 2026-05-15 15:23:56.677492+00:00
[2026-05-15T15:24:06.353+0000] {standard_task_runner.py:63} INFO - Started process 3192 to run task
[2026-05-15T15:24:06.372+0000] {standard_task_runner.py:90} INFO - Running: ['airflow', 'tasks', 'run', 'Update_db', 'staging_table', 'manual__2026-05-15T15:23:56.677492+00:00', '--job-id', '34', '--raw', '--subdir', 'DAGS_FOLDER/main.py', '--cfg-path', '/tmp/tmpuv7jg48v']
[2026-05-15T15:24:06.384+0000] {standard_task_runner.py:91} INFO - Job 34: Subtask staging_table
[2026-05-15T15:24:06.731+0000] {task_command.py:426} INFO - Running <TaskInstance: Update_db.staging_table manual__2026-05-15T15:23:56.677492+00:00 [running]> on host c1bca613f86e
[2026-05-15T15:24:07.129+0000] {taskinstance.py:2648} INFO - Exporting env vars: AIRFLOW_CTX_DAG_EMAIL='data@engineers.com' AIRFLOW_CTX_DAG_OWNER='dataengineers' AIRFLOW_CTX_DAG_ID='Update_db' AIRFLOW_CTX_TASK_ID='staging_table' AIRFLOW_CTX_EXECUTION_DATE='2026-05-15T15:23:56.677492+00:00' AIRFLOW_CTX_TRY_NUMBER='1' AIRFLOW_CTX_DAG_RUN_ID='manual__2026-05-15T15:23:56.677492+00:00'
[2026-05-15T15:24:07.131+0000] {taskinstance.py:430} INFO - ::endgroup::
[2026-05-15T15:24:07.139+0000] {crypto.py:82} WARNING - empty cryptography key - values will not be stored encrypted.
[2026-05-15T15:24:07.142+0000] {base.py:84} INFO - Using connection ID 'postgres_db_yt_elt' for task execution.
[2026-05-15T15:24:07.152+0000] {data_loading.py:13} INFO - Processing file: YT_data_2026-05-15
[2026-05-15T15:24:07.153+0000] {data_loading.py:19} ERROR - File not found:./data/YT_data_2026-05-15.json
[2026-05-15T15:24:07.154+0000] {dwh.py:58} ERROR - An error occurred during the update of staging table: [Errno 2] No such file or directory: './data/YT_data_2026-05-15.json'
[2026-05-15T15:24:07.155+0000] {taskinstance.py:441} INFO - ::group::Post task execution logs
[2026-05-15T15:24:07.157+0000] {taskinstance.py:2905} ERROR - Task failed with exception
Traceback (most recent call last):
  File "/home/airflow/.local/lib/python3.10/site-packages/airflow/models/taskinstance.py", line 465, in _execute_task
    result = _execute_callable(context=context, **execute_callable_kwargs)
  File "/home/airflow/.local/lib/python3.10/site-packages/airflow/models/taskinstance.py", line 432, in _execute_callable
    return execute_callable(context=context, **execute_callable_kwargs)
  File "/home/airflow/.local/lib/python3.10/site-packages/airflow/models/baseoperator.py", line 401, in wrapper
    return func(self, *args, **kwargs)
  File "/home/airflow/.local/lib/python3.10/site-packages/airflow/decorators/base.py", line 265, in execute
    return_value = super().execute(context)
  File "/home/airflow/.local/lib/python3.10/site-packages/airflow/models/baseoperator.py", line 401, in wrapper
    return func(self, *args, **kwargs)
  File "/home/airflow/.local/lib/python3.10/site-packages/airflow/operators/python.py", line 235, in execute
    return_value = self.execute_callable()
  File "/home/airflow/.local/lib/python3.10/site-packages/airflow/operators/python.py", line 252, in execute_callable
    return self.python_callable(*self.op_args, **self.op_kwargs)
  File "/opt/airflow/dags/datawarehouse/dwh.py", line 59, in staging_table
    raise e
  File "/opt/airflow/dags/datawarehouse/dwh.py", line 30, in staging_table
    YT_data = load_data()
  File "/opt/airflow/dags/datawarehouse/data_loading.py", line 15, in load_data
    with open(file_path, "r", encoding="utf-8") as raw_data:
FileNotFoundError: [Errno 2] No such file or directory: './data/YT_data_2026-05-15.json'
[2026-05-15T15:24:07.192+0000] {taskinstance.py:1206} INFO - Marking task as FAILED. dag_id=Update_db, task_id=staging_table, run_id=manual__2026-05-15T15:23:56.677492+00:00, execution_date=20260515T152356, start_date=20260515T152406, end_date=20260515T152407
[2026-05-15T15:24:07.211+0000] {standard_task_runner.py:110} ERROR - Failed to execute job 34 for task staging_table ([Errno 2] No such file or directory: './data/YT_data_2026-05-15.json'; 3192)
[2026-05-15T15:24:07.273+0000] {local_task_job_runner.py:240} INFO - Task exited with return code 1
[2026-05-15T15:24:07.347+0000] {taskinstance.py:3503} INFO - 0 downstream tasks scheduled from follow-on schedule check
[2026-05-15T15:24:07.357+0000] {local_task_job_runner.py:222} INFO - ::endgroup::
