[2026-05-14T09:01:35.393+0000] {local_task_job_runner.py:120} INFO - ::group::Pre task execution logs
[2026-05-14T09:01:35.483+0000] {taskinstance.py:2076} INFO - Dependencies all met for dep_context=non-requeueable deps ti=<TaskInstance: produce_json.get_playlist_id manual__2026-05-14T09:01:32.454429+00:00 [queued]>
[2026-05-14T09:01:35.503+0000] {taskinstance.py:2076} INFO - Dependencies all met for dep_context=requeueable deps ti=<TaskInstance: produce_json.get_playlist_id manual__2026-05-14T09:01:32.454429+00:00 [queued]>
[2026-05-14T09:01:35.509+0000] {taskinstance.py:2306} INFO - Starting attempt 1 of 2
[2026-05-14T09:01:35.537+0000] {taskinstance.py:2330} INFO - Executing <Task(_PythonDecoratedOperator): get_playlist_id> on 2026-05-14 09:01:32.454429+00:00
[2026-05-14T09:01:35.550+0000] {standard_task_runner.py:63} INFO - Started process 407 to run task
[2026-05-14T09:01:35.557+0000] {standard_task_runner.py:90} INFO - Running: ['airflow', 'tasks', 'run', 'produce_json', 'get_playlist_id', 'manual__2026-05-14T09:01:32.454429+00:00', '--job-id', '6', '--raw', '--subdir', 'DAGS_FOLDER/main.py', '--cfg-path', '/tmp/tmp1ozpys4y']
[2026-05-14T09:01:35.559+0000] {standard_task_runner.py:91} INFO - Job 6: Subtask get_playlist_id
[2026-05-14T09:01:35.679+0000] {task_command.py:426} INFO - Running <TaskInstance: produce_json.get_playlist_id manual__2026-05-14T09:01:32.454429+00:00 [running]> on host afe565b1e410
[2026-05-14T09:01:35.845+0000] {taskinstance.py:2648} INFO - Exporting env vars: AIRFLOW_CTX_DAG_OWNER='dataengineers' AIRFLOW_CTX_DAG_ID='produce_json' AIRFLOW_CTX_TASK_ID='get_playlist_id' AIRFLOW_CTX_EXECUTION_DATE='2026-05-14T09:01:32.454429+00:00' AIRFLOW_CTX_TRY_NUMBER='1' AIRFLOW_CTX_DAG_RUN_ID='manual__2026-05-14T09:01:32.454429+00:00'
[2026-05-14T09:01:35.850+0000] {taskinstance.py:430} INFO - ::endgroup::
[2026-05-14T09:01:36.380+0000] {taskinstance.py:441} INFO - ::group::Post task execution logs
[2026-05-14T09:01:36.381+0000] {taskinstance.py:2905} ERROR - Task failed with exception
Traceback (most recent call last):
  File "/opt/airflow/dags/main.py", line 27, in get_playlist_id
    channel_playlistsId = data["items"][0]["contentDetails"]["relatedPlaylists"]["uploads"]
KeyError: 'items'

During handling of the above exception, another exception occurred:

Traceback (most recent call last):
  File "/home/airflow/.local/lib/python3.10/site-packages/airflow/models/taskinstance.py", line 465, in _execute_task
    result = _execute_callable(context=context, **execute_callable_kwargs)
  File "/home/airflow/.local/lib/python3.10/site-packages/airflow/models/taskinstance.py", line 432, in _execute_callable
    return execute_callable(context=context, **execute_callable_kwargs)
  File "/home/airflow/.local/lib/python3.10/site-packages/airflow/models/baseoperator.py", line 401, in wrapper
    return func(self, *args, **kwargs)
  File "/home/airflow/.local/lib/python3.10/site-packages/airflow/decorators/base.py", line 265, in execute
    return_value = super().execute(context)
  File "/home/airflow/.local/lib/python3.10/site-packages/airflow/models/baseoperator.py", line 401, in wrapper
    return func(self, *args, **kwargs)
  File "/home/airflow/.local/lib/python3.10/site-packages/airflow/operators/python.py", line 235, in execute
    return_value = self.execute_callable()
  File "/home/airflow/.local/lib/python3.10/site-packages/airflow/operators/python.py", line 252, in execute_callable
    return self.python_callable(*self.op_args, **self.op_kwargs)
  File "/opt/airflow/dags/main.py", line 30, in get_playlist_id
    raise Exception(f"Failed to get playlist ID: {e}")
Exception: Failed to get playlist ID: 'items'
[2026-05-14T09:01:36.412+0000] {taskinstance.py:1206} INFO - Marking task as UP_FOR_RETRY. dag_id=produce_json, task_id=get_playlist_id, run_id=manual__2026-05-14T09:01:32.454429+00:00, execution_date=20260514T090132, start_date=20260514T090135, end_date=20260514T090136
[2026-05-14T09:01:36.439+0000] {standard_task_runner.py:110} ERROR - Failed to execute job 6 for task get_playlist_id (Failed to get playlist ID: 'items'; 407)
[2026-05-14T09:01:36.512+0000] {local_task_job_runner.py:240} INFO - Task exited with return code 1
[2026-05-14T09:01:36.570+0000] {taskinstance.py:3503} INFO - 0 downstream tasks scheduled from follow-on schedule check
[2026-05-14T09:01:36.573+0000] {local_task_job_runner.py:222} INFO - ::endgroup::
