[2026-05-30T14:53:16.891+0000] {local_task_job_runner.py:120} INFO - ::group::Pre task execution logs
[2026-05-30T14:53:17.180+0000] {taskinstance.py:2076} INFO - Dependencies all met for dep_context=non-requeueable deps ti=<TaskInstance: update_db.trigger_data_quality manual__2026-05-30T14:52:25.902125+00:00 [queued]>
[2026-05-30T14:53:17.346+0000] {taskinstance.py:2076} INFO - Dependencies all met for dep_context=requeueable deps ti=<TaskInstance: update_db.trigger_data_quality manual__2026-05-30T14:52:25.902125+00:00 [queued]>
[2026-05-30T14:53:17.360+0000] {taskinstance.py:2306} INFO - Starting attempt 1 of 1
[2026-05-30T14:53:17.494+0000] {taskinstance.py:2330} INFO - Executing <Task(TriggerDagRunOperator): trigger_data_quality> on 2026-05-30 14:52:25.902125+00:00
[2026-05-30T14:53:17.624+0000] {standard_task_runner.py:63} INFO - Started process 166 to run task
[2026-05-30T14:53:17.673+0000] {standard_task_runner.py:90} INFO - Running: ['airflow', 'tasks', 'run', 'update_db', 'trigger_data_quality', 'manual__2026-05-30T14:52:25.902125+00:00', '--job-id', '12', '--raw', '--subdir', 'DAGS_FOLDER/main.py', '--cfg-path', '/tmp/tmpdldt5ih3']
[2026-05-30T14:53:17.697+0000] {standard_task_runner.py:91} INFO - Job 12: Subtask trigger_data_quality
[2026-05-30T14:53:18.188+0000] {task_command.py:426} INFO - Running <TaskInstance: update_db.trigger_data_quality manual__2026-05-30T14:52:25.902125+00:00 [running]> on host e1649dd946d3
[2026-05-30T14:53:18.660+0000] {taskinstance.py:2648} INFO - Exporting env vars: AIRFLOW_CTX_DAG_EMAIL='data@engineers.com' AIRFLOW_CTX_DAG_OWNER='dataengineers' AIRFLOW_CTX_DAG_ID='update_db' AIRFLOW_CTX_TASK_ID='trigger_data_quality' AIRFLOW_CTX_EXECUTION_DATE='2026-05-30T14:52:25.902125+00:00' AIRFLOW_CTX_TRY_NUMBER='1' AIRFLOW_CTX_DAG_RUN_ID='manual__2026-05-30T14:52:25.902125+00:00'
[2026-05-30T14:53:18.692+0000] {taskinstance.py:430} INFO - ::endgroup::
[2026-05-30T14:53:18.819+0000] {taskinstance.py:441} INFO - ::group::Post task execution logs
[2026-05-30T14:53:18.871+0000] {taskinstance.py:2905} ERROR - Task failed with exception
Traceback (most recent call last):
  File "/home/airflow/.local/lib/python3.10/site-packages/airflow/models/taskinstance.py", line 465, in _execute_task
    result = _execute_callable(context=context, **execute_callable_kwargs)
  File "/home/airflow/.local/lib/python3.10/site-packages/airflow/models/taskinstance.py", line 432, in _execute_callable
    return execute_callable(context=context, **execute_callable_kwargs)
  File "/home/airflow/.local/lib/python3.10/site-packages/airflow/models/baseoperator.py", line 401, in wrapper
    return func(self, *args, **kwargs)
  File "/home/airflow/.local/lib/python3.10/site-packages/airflow/operators/trigger_dagrun.py", line 177, in execute
    dag_run = trigger_dag(
  File "/home/airflow/.local/lib/python3.10/site-packages/airflow/api/common/trigger_dag.py", line 123, in trigger_dag
    raise DagNotFound(f"Dag id {dag_id} not found in DagModel")
airflow.exceptions.DagNotFound: Dag id data_quality not found in DagModel
[2026-05-30T14:53:18.915+0000] {taskinstance.py:1206} INFO - Marking task as FAILED. dag_id=update_db, task_id=trigger_data_quality, run_id=manual__2026-05-30T14:52:25.902125+00:00, execution_date=20260530T145225, start_date=20260530T145317, end_date=20260530T145318
[2026-05-30T14:53:18.993+0000] {standard_task_runner.py:110} ERROR - Failed to execute job 12 for task trigger_data_quality (Dag id data_quality not found in DagModel; 166)
[2026-05-30T14:53:19.051+0000] {local_task_job_runner.py:240} INFO - Task exited with return code 1
[2026-05-30T14:53:19.113+0000] {taskinstance.py:3503} INFO - 0 downstream tasks scheduled from follow-on schedule check
[2026-05-30T14:53:19.119+0000] {local_task_job_runner.py:222} INFO - ::endgroup::
