[2026-05-30T14:53:33.148+0000] {local_task_job_runner.py:120} INFO - ::group::Pre task execution logs
[2026-05-30T14:53:33.257+0000] {taskinstance.py:2076} INFO - Dependencies all met for dep_context=non-requeueable deps ti=<TaskInstance: update_db.core_table manual__2026-05-30T14:52:25.902125+00:00 [queued]>
[2026-05-30T14:53:33.279+0000] {taskinstance.py:2076} INFO - Dependencies all met for dep_context=requeueable deps ti=<TaskInstance: update_db.core_table manual__2026-05-30T14:52:25.902125+00:00 [queued]>
[2026-05-30T14:53:33.281+0000] {taskinstance.py:2306} INFO - Starting attempt 1 of 1
[2026-05-30T14:53:33.309+0000] {taskinstance.py:2330} INFO - Executing <Task(_PythonDecoratedOperator): core_table> on 2026-05-30 14:52:25.902125+00:00
[2026-05-30T14:53:33.325+0000] {standard_task_runner.py:63} INFO - Started process 176 to run task
[2026-05-30T14:53:33.334+0000] {standard_task_runner.py:90} INFO - Running: ['airflow', 'tasks', 'run', 'update_db', 'core_table', 'manual__2026-05-30T14:52:25.902125+00:00', '--job-id', '18', '--raw', '--subdir', 'DAGS_FOLDER/main.py', '--cfg-path', '/tmp/tmp8164jreo']
[2026-05-30T14:53:33.337+0000] {standard_task_runner.py:91} INFO - Job 18: Subtask core_table
[2026-05-30T14:53:33.463+0000] {task_command.py:426} INFO - Running <TaskInstance: update_db.core_table manual__2026-05-30T14:52:25.902125+00:00 [running]> on host e1649dd946d3
[2026-05-30T14:53:33.630+0000] {taskinstance.py:2648} INFO - Exporting env vars: AIRFLOW_CTX_DAG_EMAIL='data@engineers.com' AIRFLOW_CTX_DAG_OWNER='dataengineers' AIRFLOW_CTX_DAG_ID='update_db' AIRFLOW_CTX_TASK_ID='core_table' AIRFLOW_CTX_EXECUTION_DATE='2026-05-30T14:52:25.902125+00:00' AIRFLOW_CTX_TRY_NUMBER='1' AIRFLOW_CTX_DAG_RUN_ID='manual__2026-05-30T14:52:25.902125+00:00'
[2026-05-30T14:53:33.632+0000] {taskinstance.py:430} INFO - ::endgroup::
[2026-05-30T14:53:33.635+0000] {crypto.py:82} WARNING - empty cryptography key - values will not be stored encrypted.
[2026-05-30T14:53:33.637+0000] {base.py:84} INFO - Using connection ID 'postgres_db_yt_elt' for task execution.
[2026-05-30T14:53:33.644+0000] {base.py:84} INFO - Using connection ID 'postgres_db_yt_elt' for task execution.
[2026-05-30T14:53:33.654+0000] {base.py:84} INFO - Using connection ID 'postgres_db_yt_elt' for task execution.
[2026-05-30T14:53:33.680+0000] {data_modification.py:37} INFO - Inserted row with Video_ID: E9E2LagzuDM
[2026-05-30T14:53:33.683+0000] {data_modification.py:37} INFO - Inserted row with Video_ID: ro80pWQTGXY
[2026-05-30T14:53:33.686+0000] {data_modification.py:37} INFO - Inserted row with Video_ID: Blfem-XAUdw
[2026-05-30T14:53:33.688+0000] {data_modification.py:37} INFO - Inserted row with Video_ID: CbkvMJF4jLg
[2026-05-30T14:53:33.691+0000] {data_modification.py:37} INFO - Inserted row with Video_ID: EwYVwbO8xd0
[2026-05-30T14:53:33.694+0000] {data_modification.py:37} INFO - Inserted row with Video_ID: U9ukBVeSRqA
[2026-05-30T14:53:33.697+0000] {data_modification.py:37} INFO - Inserted row with Video_ID: UQn8fXQmSXw
[2026-05-30T14:53:33.699+0000] {data_modification.py:37} INFO - Inserted row with Video_ID: hbnl7l045rA
[2026-05-30T14:53:33.702+0000] {data_modification.py:37} INFO - Inserted row with Video_ID: zsRLb4vhAnQ
[2026-05-30T14:53:33.704+0000] {data_modification.py:37} INFO - Inserted row with Video_ID: TcVcZafZNuc
[2026-05-30T14:53:33.707+0000] {data_modification.py:37} INFO - Inserted row with Video_ID: p3BJry8mZd0
[2026-05-30T14:53:33.713+0000] {data_modification.py:37} INFO - Inserted row with Video_ID: 7YSMee9Ak1A
[2026-05-30T14:53:33.716+0000] {data_modification.py:37} INFO - Inserted row with Video_ID: 08hlv93K0kQ
[2026-05-30T14:53:33.718+0000] {data_modification.py:37} INFO - Inserted row with Video_ID: cnrp5z7NNQY
[2026-05-30T14:53:33.721+0000] {data_modification.py:37} INFO - Inserted row with Video_ID: cn4sVkizmAg
[2026-05-30T14:53:33.725+0000] {data_modification.py:37} INFO - Inserted row with Video_ID: FLz8TPvr9-o
[2026-05-30T14:53:33.728+0000] {data_modification.py:37} INFO - Inserted row with Video_ID: R8QQWpvj3vk
[2026-05-30T14:53:33.730+0000] {data_modification.py:37} INFO - Inserted row with Video_ID: kfY_QVusCRQ
[2026-05-30T14:53:33.733+0000] {data_modification.py:37} INFO - Inserted row with Video_ID: VpeJJAYr_do
[2026-05-30T14:53:33.736+0000] {data_modification.py:37} INFO - Inserted row with Video_ID: fKs9sq4fGS4
[2026-05-30T14:53:33.739+0000] {data_modification.py:37} INFO - Inserted row with Video_ID: J7iuGS214Tk
[2026-05-30T14:53:33.742+0000] {data_modification.py:37} INFO - Inserted row with Video_ID: qKJ8eoi2Btk
[2026-05-30T14:53:33.744+0000] {data_modification.py:37} INFO - Inserted row with Video_ID: -uvak-k7Hm8
[2026-05-30T14:53:33.747+0000] {data_modification.py:37} INFO - Inserted row with Video_ID: BPvJqDKV2IU
[2026-05-30T14:53:33.749+0000] {data_modification.py:37} INFO - Inserted row with Video_ID: Yjujgs8daCs
[2026-05-30T14:53:33.752+0000] {data_modification.py:37} INFO - Inserted row with Video_ID: ULCIZ7m1ZSY
[2026-05-30T14:53:33.755+0000] {data_modification.py:37} INFO - Inserted row with Video_ID: qcGRn5yo41U
[2026-05-30T14:53:33.758+0000] {data_modification.py:37} INFO - Inserted row with Video_ID: 3TmsouE7zOM
[2026-05-30T14:53:33.760+0000] {data_modification.py:37} INFO - Inserted row with Video_ID: Pd63Q2g2z2s
[2026-05-30T14:53:33.763+0000] {data_modification.py:37} INFO - Inserted row with Video_ID: -J-JudZbtBA
[2026-05-30T14:53:33.766+0000] {data_modification.py:37} INFO - Inserted row with Video_ID: qVFbRid8RdU
[2026-05-30T14:53:33.769+0000] {data_modification.py:37} INFO - Inserted row with Video_ID: Uc44Bk3I8zI
[2026-05-30T14:53:33.772+0000] {data_modification.py:37} INFO - Inserted row with Video_ID: Bs_omT0QPHs
[2026-05-30T14:53:33.775+0000] {data_modification.py:37} INFO - Inserted row with Video_ID: eBUOqZH6hhI
[2026-05-30T14:53:33.778+0000] {data_modification.py:37} INFO - Inserted row with Video_ID: rYtFHPSoX8o
[2026-05-30T14:53:33.781+0000] {data_modification.py:37} INFO - Inserted row with Video_ID: W7kY8VqILGE
[2026-05-30T14:53:33.784+0000] {data_modification.py:37} INFO - Inserted row with Video_ID: vqyfPkhMsFw
[2026-05-30T14:53:33.788+0000] {data_modification.py:37} INFO - Inserted row with Video_ID: LWqWssPXYZE
[2026-05-30T14:53:33.791+0000] {data_modification.py:37} INFO - Inserted row with Video_ID: WpkYBwLa9as
[2026-05-30T14:53:33.794+0000] {data_modification.py:37} INFO - Inserted row with Video_ID: TxFcfhtZDAU
[2026-05-30T14:53:33.797+0000] {data_modification.py:37} INFO - Inserted row with Video_ID: OIIGubqPprY
[2026-05-30T14:53:33.800+0000] {data_modification.py:37} INFO - Inserted row with Video_ID: Oa8We6Uy2Tg
[2026-05-30T14:53:33.803+0000] {data_modification.py:37} INFO - Inserted row with Video_ID: 3XfUt7ZVXYE
[2026-05-30T14:53:33.806+0000] {data_modification.py:37} INFO - Inserted row with Video_ID: Wi_qbuXala8
[2026-05-30T14:53:33.809+0000] {data_modification.py:37} INFO - Inserted row with Video_ID: nsGvobA2pZ4
[2026-05-30T14:53:33.812+0000] {data_modification.py:37} INFO - Inserted row with Video_ID: PjxEhmatyG0
[2026-05-30T14:53:33.816+0000] {data_modification.py:37} INFO - Inserted row with Video_ID: OpR1QCjt4-A
[2026-05-30T14:53:33.819+0000] {data_modification.py:37} INFO - Inserted row with Video_ID: gx_WIYhEvRA
[2026-05-30T14:53:33.822+0000] {data_modification.py:37} INFO - Inserted row with Video_ID: xfeb58GpcgQ
[2026-05-30T14:53:33.826+0000] {data_modification.py:37} INFO - Inserted row with Video_ID: oJgLlxnFA2M
[2026-05-30T14:53:33.828+0000] {data_modification.py:37} INFO - Inserted row with Video_ID: WOTJAItNO-s
[2026-05-30T14:53:33.832+0000] {data_modification.py:37} INFO - Inserted row with Video_ID: IXVTbaZ75E0
[2026-05-30T14:53:33.835+0000] {data_modification.py:37} INFO - Inserted row with Video_ID: 5ORXbiGAehs
[2026-05-30T14:53:33.838+0000] {data_modification.py:37} INFO - Inserted row with Video_ID: 5LgIcd3f0jo
[2026-05-30T14:53:33.840+0000] {data_modification.py:37} INFO - Inserted row with Video_ID: yUnoOVYrXog
[2026-05-30T14:53:33.844+0000] {data_modification.py:37} INFO - Inserted row with Video_ID: eKeZRgrTb3Q
[2026-05-30T14:53:33.847+0000] {data_modification.py:37} INFO - Inserted row with Video_ID: SJcpbpddg9U
[2026-05-30T14:53:33.850+0000] {data_modification.py:37} INFO - Inserted row with Video_ID: p6w1P7atIQ0
[2026-05-30T14:53:33.853+0000] {data_modification.py:37} INFO - Inserted row with Video_ID: 4O1upfq4Mhg
[2026-05-30T14:53:33.856+0000] {data_modification.py:37} INFO - Inserted row with Video_ID: egl8T-W95tQ
[2026-05-30T14:53:33.859+0000] {data_modification.py:37} INFO - Inserted row with Video_ID: RZo0pPImJCU
[2026-05-30T14:53:33.863+0000] {data_modification.py:37} INFO - Inserted row with Video_ID: KsRiniegN58
[2026-05-30T14:53:33.866+0000] {data_modification.py:37} INFO - Inserted row with Video_ID: 3PUOYTrqFOE
[2026-05-30T14:53:33.869+0000] {data_modification.py:37} INFO - Inserted row with Video_ID: WL7gICZID8A
[2026-05-30T14:53:33.873+0000] {data_modification.py:37} INFO - Inserted row with Video_ID: _pOzPjd3bE0
[2026-05-30T14:53:33.876+0000] {data_modification.py:37} INFO - Inserted row with Video_ID: F7ik2y2NpNA
[2026-05-30T14:53:33.880+0000] {data_modification.py:37} INFO - Inserted row with Video_ID: 325SWvlOYME
[2026-05-30T14:53:33.883+0000] {data_modification.py:37} INFO - Inserted row with Video_ID: 39hnQGzYO6M
[2026-05-30T14:53:33.887+0000] {data_modification.py:37} INFO - Inserted row with Video_ID: 2Lx_hVAJS9o
[2026-05-30T14:53:33.890+0000] {data_modification.py:37} INFO - Inserted row with Video_ID: GyHp_lB8f_k
[2026-05-30T14:53:33.893+0000] {data_modification.py:37} INFO - Inserted row with Video_ID: 3z32TUvZ6_0
[2026-05-30T14:53:33.896+0000] {data_modification.py:37} INFO - Inserted row with Video_ID: A8fVMBaj8Ew
[2026-05-30T14:53:33.899+0000] {data_modification.py:37} INFO - Inserted row with Video_ID: sNLE26ouDW0
[2026-05-30T14:53:33.901+0000] {data_modification.py:37} INFO - Inserted row with Video_ID: TOhMvikfZ-M
[2026-05-30T14:53:33.904+0000] {data_modification.py:37} INFO - Inserted row with Video_ID: mwa5q6YCaAM
[2026-05-30T14:53:33.907+0000] {data_modification.py:37} INFO - Inserted row with Video_ID: VIqOhk7rdZM
[2026-05-30T14:53:33.910+0000] {data_modification.py:37} INFO - Inserted row with Video_ID: eNDOq4mcBDQ
[2026-05-30T14:53:33.912+0000] {data_modification.py:37} INFO - Inserted row with Video_ID: fR7H02efUaA
[2026-05-30T14:53:33.915+0000] {data_modification.py:37} INFO - Inserted row with Video_ID: lVeaMJNLmv8
[2026-05-30T14:53:33.918+0000] {data_modification.py:37} INFO - Inserted row with Video_ID: sbjtshYTdTQ
[2026-05-30T14:53:33.920+0000] {data_modification.py:37} INFO - Inserted row with Video_ID: t9cyYSDVHqQ
[2026-05-30T14:53:33.924+0000] {data_modification.py:37} INFO - Inserted row with Video_ID: SAI7sqQNy8I
[2026-05-30T14:53:33.927+0000] {data_modification.py:37} INFO - Inserted row with Video_ID: GUa80ZR9RzU
[2026-05-30T14:53:33.929+0000] {data_modification.py:37} INFO - Inserted row with Video_ID: oThcYYTa_00
[2026-05-30T14:53:33.932+0000] {data_modification.py:37} INFO - Inserted row with Video_ID: JqZWuseICJc
[2026-05-30T14:53:33.935+0000] {data_modification.py:37} INFO - Inserted row with Video_ID: iakEDtJwLCE
[2026-05-30T14:53:33.937+0000] {data_modification.py:37} INFO - Inserted row with Video_ID: v30u6I4GE2Y
[2026-05-30T14:53:33.941+0000] {data_modification.py:37} INFO - Inserted row with Video_ID: 6kPs_x8F6vU
[2026-05-30T14:53:33.944+0000] {data_modification.py:37} INFO - Inserted row with Video_ID: -pl-NHbh9IY
[2026-05-30T14:53:33.947+0000] {data_modification.py:37} INFO - Inserted row with Video_ID: nV4pYLAyUWs
[2026-05-30T14:53:33.949+0000] {data_modification.py:37} INFO - Inserted row with Video_ID: vM8dzsQa85k
[2026-05-30T14:53:33.952+0000] {data_modification.py:37} INFO - Inserted row with Video_ID: 0wymT7Qesws
[2026-05-30T14:53:33.956+0000] {data_modification.py:37} INFO - Inserted row with Video_ID: AHMRYGtv53s
[2026-05-30T14:53:33.959+0000] {data_modification.py:37} INFO - Inserted row with Video_ID: 5ymHCaPjqBw
[2026-05-30T14:53:33.962+0000] {data_modification.py:37} INFO - Inserted row with Video_ID: -4wa0Rh31no
[2026-05-30T14:53:33.965+0000] {data_modification.py:37} INFO - Inserted row with Video_ID: _4WvUW9r0wg
[2026-05-30T14:53:33.968+0000] {data_modification.py:37} INFO - Inserted row with Video_ID: M_GLYQC2f9s
[2026-05-30T14:53:33.972+0000] {data_modification.py:37} INFO - Inserted row with Video_ID: vnUy-Y41x-4
[2026-05-30T14:53:33.974+0000] {data_modification.py:37} INFO - Inserted row with Video_ID: wIhS4E8YJNU
[2026-05-30T14:53:33.978+0000] {data_modification.py:37} INFO - Inserted row with Video_ID: KV6SDMkaj2Q
[2026-05-30T14:53:33.981+0000] {data_modification.py:37} INFO - Inserted row with Video_ID: 7DhonxPQ90M
[2026-05-30T14:53:33.984+0000] {data_modification.py:37} INFO - Inserted row with Video_ID: yG69NuIt_R8
[2026-05-30T14:53:33.987+0000] {data_modification.py:37} INFO - Inserted row with Video_ID: S63TTTBvov4
[2026-05-30T14:53:33.990+0000] {data_modification.py:37} INFO - Inserted row with Video_ID: fVQYvEbqcEU
[2026-05-30T14:53:33.993+0000] {data_modification.py:37} INFO - Inserted row with Video_ID: Q_W9JTjrtTk
[2026-05-30T14:53:33.996+0000] {data_modification.py:37} INFO - Inserted row with Video_ID: 8hTvnvAXNmA
[2026-05-30T14:53:33.999+0000] {data_modification.py:37} INFO - Inserted row with Video_ID: w5Of9szobNQ
[2026-05-30T14:53:34.002+0000] {data_modification.py:37} INFO - Inserted row with Video_ID: ZeDzaTqg5AQ
[2026-05-30T14:53:34.005+0000] {data_modification.py:37} INFO - Inserted row with Video_ID: saDkFV0Y4V8
[2026-05-30T14:53:34.007+0000] {data_modification.py:37} INFO - Inserted row with Video_ID: g7-NzO75-8o
[2026-05-30T14:53:34.010+0000] {data_modification.py:37} INFO - Inserted row with Video_ID: DqilNbGiuBA
[2026-05-30T14:53:34.013+0000] {data_modification.py:37} INFO - Inserted row with Video_ID: HPhrl-_HO_w
[2026-05-30T14:53:34.016+0000] {data_modification.py:37} INFO - Inserted row with Video_ID: EoEUvHazmDo
[2026-05-30T14:53:34.019+0000] {data_modification.py:37} INFO - Inserted row with Video_ID: l1B9svMQoII
[2026-05-30T14:53:34.021+0000] {data_modification.py:37} INFO - Inserted row with Video_ID: GMBi7AtYOTQ
[2026-05-30T14:53:34.024+0000] {data_modification.py:37} INFO - Inserted row with Video_ID: F6I8Yi6qZ14
[2026-05-30T14:53:34.027+0000] {data_modification.py:37} INFO - Inserted row with Video_ID: yKvcHDy__gs
[2026-05-30T14:53:34.028+0000] {dwh.py:93} INFO - core table update completed
[2026-05-30T14:53:34.029+0000] {python.py:237} INFO - Done. Returned value was: None
[2026-05-30T14:53:34.030+0000] {taskinstance.py:441} INFO - ::group::Post task execution logs
[2026-05-30T14:53:34.046+0000] {taskinstance.py:1206} INFO - Marking task as SUCCESS. dag_id=update_db, task_id=core_table, run_id=manual__2026-05-30T14:52:25.902125+00:00, execution_date=20260530T145225, start_date=20260530T145333, end_date=20260530T145334
[2026-05-30T14:53:34.119+0000] {local_task_job_runner.py:240} INFO - Task exited with return code 0
[2026-05-30T14:53:34.160+0000] {taskinstance.py:3503} INFO - 0 downstream tasks scheduled from follow-on schedule check
[2026-05-30T14:53:34.163+0000] {local_task_job_runner.py:222} INFO - ::endgroup::
