[2026-05-16T19:47:41.541+0000] {processor.py:161} INFO - Started process (PID=311) to work on /opt/airflow/dags/main (1).py
[2026-05-16T19:47:41.548+0000] {processor.py:830} INFO - Processing file /opt/airflow/dags/main (1).py for tasks to queue
[2026-05-16T19:47:41.554+0000] {logging_mixin.py:188} INFO - [2026-05-16T19:47:41.552+0000] {dagbag.py:545} INFO - Filling up the DagBag from /opt/airflow/dags/main (1).py
[2026-05-16T19:47:41.949+0000] {processor.py:840} INFO - DAG(s) 'produce_json', 'update_db' retrieved from /opt/airflow/dags/main (1).py
[2026-05-16T19:47:42.513+0000] {logging_mixin.py:188} INFO - [2026-05-16T19:47:42.512+0000] {override.py:1829} INFO - Created Permission View: can read on DAG:update_db
[2026-05-16T19:47:42.528+0000] {logging_mixin.py:188} INFO - [2026-05-16T19:47:42.527+0000] {override.py:1829} INFO - Created Permission View: can edit on DAG:update_db
[2026-05-16T19:47:42.543+0000] {logging_mixin.py:188} INFO - [2026-05-16T19:47:42.542+0000] {override.py:1829} INFO - Created Permission View: can delete on DAG:update_db
[2026-05-16T19:47:42.545+0000] {logging_mixin.py:188} INFO - [2026-05-16T19:47:42.544+0000] {dag.py:3096} INFO - Sync 2 DAGs
[2026-05-16T19:47:42.569+0000] {logging_mixin.py:188} INFO - [2026-05-16T19:47:42.569+0000] {dag.py:3118} INFO - Creating ORM DAG for update_db
[2026-05-16T19:47:42.595+0000] {logging_mixin.py:188} INFO - [2026-05-16T19:47:42.595+0000] {dag.py:3954} INFO - Setting next_dagrun for produce_json to 2026-05-16 13:00:00+00:00, run_after=2026-05-17 13:00:00+00:00
[2026-05-16T19:47:42.604+0000] {logging_mixin.py:188} INFO - [2026-05-16T19:47:42.604+0000] {dag.py:3954} INFO - Setting next_dagrun for update_db to None, run_after=None
[2026-05-16T19:47:42.643+0000] {processor.py:183} INFO - Processing /opt/airflow/dags/main (1).py took 1.132 seconds
[2026-05-16T19:48:12.709+0000] {processor.py:161} INFO - Started process (PID=318) to work on /opt/airflow/dags/main (1).py
[2026-05-16T19:48:12.710+0000] {processor.py:830} INFO - Processing file /opt/airflow/dags/main (1).py for tasks to queue
[2026-05-16T19:48:12.712+0000] {logging_mixin.py:188} INFO - [2026-05-16T19:48:12.711+0000] {dagbag.py:545} INFO - Filling up the DagBag from /opt/airflow/dags/main (1).py
[2026-05-16T19:48:12.845+0000] {processor.py:840} INFO - DAG(s) 'produce_json', 'update_db' retrieved from /opt/airflow/dags/main (1).py
[2026-05-16T19:48:12.884+0000] {logging_mixin.py:188} INFO - [2026-05-16T19:48:12.884+0000] {dag.py:3096} INFO - Sync 2 DAGs
[2026-05-16T19:48:12.918+0000] {logging_mixin.py:188} INFO - [2026-05-16T19:48:12.917+0000] {dag.py:3954} INFO - Setting next_dagrun for produce_json to 2026-05-16 13:00:00+00:00, run_after=2026-05-17 13:00:00+00:00
[2026-05-16T19:48:12.925+0000] {logging_mixin.py:188} INFO - [2026-05-16T19:48:12.924+0000] {dag.py:3954} INFO - Setting next_dagrun for update_db to None, run_after=None
[2026-05-16T19:48:12.952+0000] {processor.py:183} INFO - Processing /opt/airflow/dags/main (1).py took 0.251 seconds
[2026-05-16T19:48:43.836+0000] {processor.py:161} INFO - Started process (PID=325) to work on /opt/airflow/dags/main (1).py
[2026-05-16T19:48:43.838+0000] {processor.py:830} INFO - Processing file /opt/airflow/dags/main (1).py for tasks to queue
[2026-05-16T19:48:43.840+0000] {logging_mixin.py:188} INFO - [2026-05-16T19:48:43.839+0000] {dagbag.py:545} INFO - Filling up the DagBag from /opt/airflow/dags/main (1).py
[2026-05-16T19:48:44.046+0000] {processor.py:840} INFO - DAG(s) 'update_db', 'produce_json' retrieved from /opt/airflow/dags/main (1).py
[2026-05-16T19:48:44.107+0000] {logging_mixin.py:188} INFO - [2026-05-16T19:48:44.106+0000] {dag.py:3096} INFO - Sync 2 DAGs
[2026-05-16T19:48:44.164+0000] {logging_mixin.py:188} INFO - [2026-05-16T19:48:44.163+0000] {dag.py:3954} INFO - Setting next_dagrun for produce_json to 2026-05-16 13:00:00+00:00, run_after=2026-05-17 13:00:00+00:00
[2026-05-16T19:48:44.171+0000] {logging_mixin.py:188} INFO - [2026-05-16T19:48:44.171+0000] {dag.py:3954} INFO - Setting next_dagrun for update_db to None, run_after=None
[2026-05-16T19:48:44.212+0000] {processor.py:183} INFO - Processing /opt/airflow/dags/main (1).py took 0.384 seconds
[2026-05-16T19:49:14.891+0000] {processor.py:161} INFO - Started process (PID=332) to work on /opt/airflow/dags/main (1).py
[2026-05-16T19:49:14.893+0000] {processor.py:830} INFO - Processing file /opt/airflow/dags/main (1).py for tasks to queue
[2026-05-16T19:49:14.894+0000] {logging_mixin.py:188} INFO - [2026-05-16T19:49:14.894+0000] {dagbag.py:545} INFO - Filling up the DagBag from /opt/airflow/dags/main (1).py
[2026-05-16T19:49:15.047+0000] {processor.py:840} INFO - DAG(s) 'update_db', 'produce_json' retrieved from /opt/airflow/dags/main (1).py
[2026-05-16T19:49:15.105+0000] {logging_mixin.py:188} INFO - [2026-05-16T19:49:15.105+0000] {dag.py:3096} INFO - Sync 2 DAGs
[2026-05-16T19:49:15.189+0000] {logging_mixin.py:188} INFO - [2026-05-16T19:49:15.188+0000] {dag.py:3954} INFO - Setting next_dagrun for produce_json to 2026-05-16 13:00:00+00:00, run_after=2026-05-17 13:00:00+00:00
[2026-05-16T19:49:15.215+0000] {logging_mixin.py:188} INFO - [2026-05-16T19:49:15.208+0000] {dag.py:3954} INFO - Setting next_dagrun for update_db to None, run_after=None
[2026-05-16T19:49:15.313+0000] {processor.py:183} INFO - Processing /opt/airflow/dags/main (1).py took 0.430 seconds
[2026-05-16T19:49:45.646+0000] {processor.py:161} INFO - Started process (PID=339) to work on /opt/airflow/dags/main (1).py
[2026-05-16T19:49:45.647+0000] {processor.py:830} INFO - Processing file /opt/airflow/dags/main (1).py for tasks to queue
[2026-05-16T19:49:45.649+0000] {logging_mixin.py:188} INFO - [2026-05-16T19:49:45.648+0000] {dagbag.py:545} INFO - Filling up the DagBag from /opt/airflow/dags/main (1).py
[2026-05-16T19:49:45.947+0000] {processor.py:840} INFO - DAG(s) 'update_db', 'produce_json' retrieved from /opt/airflow/dags/main (1).py
[2026-05-16T19:49:46.015+0000] {logging_mixin.py:188} INFO - [2026-05-16T19:49:46.015+0000] {dag.py:3096} INFO - Sync 2 DAGs
[2026-05-16T19:49:46.074+0000] {logging_mixin.py:188} INFO - [2026-05-16T19:49:46.074+0000] {dag.py:3954} INFO - Setting next_dagrun for produce_json to 2026-05-16 13:00:00+00:00, run_after=2026-05-17 13:00:00+00:00
[2026-05-16T19:49:46.082+0000] {logging_mixin.py:188} INFO - [2026-05-16T19:49:46.082+0000] {dag.py:3954} INFO - Setting next_dagrun for update_db to None, run_after=None
[2026-05-16T19:49:46.118+0000] {processor.py:183} INFO - Processing /opt/airflow/dags/main (1).py took 0.484 seconds
[2026-05-16T19:50:17.278+0000] {processor.py:161} INFO - Started process (PID=346) to work on /opt/airflow/dags/main (1).py
[2026-05-16T19:50:17.288+0000] {processor.py:830} INFO - Processing file /opt/airflow/dags/main (1).py for tasks to queue
[2026-05-16T19:50:17.293+0000] {logging_mixin.py:188} INFO - [2026-05-16T19:50:17.291+0000] {dagbag.py:545} INFO - Filling up the DagBag from /opt/airflow/dags/main (1).py
[2026-05-16T19:50:17.674+0000] {processor.py:840} INFO - DAG(s) 'update_db', 'produce_json' retrieved from /opt/airflow/dags/main (1).py
[2026-05-16T19:50:17.821+0000] {logging_mixin.py:188} INFO - [2026-05-16T19:50:17.820+0000] {dag.py:3096} INFO - Sync 2 DAGs
[2026-05-16T19:50:17.909+0000] {logging_mixin.py:188} INFO - [2026-05-16T19:50:17.907+0000] {dag.py:3954} INFO - Setting next_dagrun for produce_json to 2026-05-16 13:00:00+00:00, run_after=2026-05-17 13:00:00+00:00
[2026-05-16T19:50:17.919+0000] {logging_mixin.py:188} INFO - [2026-05-16T19:50:17.918+0000] {dag.py:3954} INFO - Setting next_dagrun for update_db to None, run_after=None
[2026-05-16T19:50:17.966+0000] {processor.py:183} INFO - Processing /opt/airflow/dags/main (1).py took 0.740 seconds
[2026-05-16T19:51:47.232+0000] {processor.py:161} INFO - Started process (PID=353) to work on /opt/airflow/dags/main (1).py
[2026-05-16T19:51:47.245+0000] {processor.py:830} INFO - Processing file /opt/airflow/dags/main (1).py for tasks to queue
[2026-05-16T19:51:47.261+0000] {logging_mixin.py:188} INFO - [2026-05-16T19:51:47.259+0000] {dagbag.py:545} INFO - Filling up the DagBag from /opt/airflow/dags/main (1).py
[2026-05-16T19:51:49.482+0000] {processor.py:840} INFO - DAG(s) 'update_db', 'produce_json' retrieved from /opt/airflow/dags/main (1).py
[2026-05-16T19:51:49.659+0000] {logging_mixin.py:188} INFO - [2026-05-16T19:51:49.659+0000] {dag.py:3096} INFO - Sync 2 DAGs
[2026-05-16T19:51:49.879+0000] {logging_mixin.py:188} INFO - [2026-05-16T19:51:49.878+0000] {dag.py:3954} INFO - Setting next_dagrun for produce_json to 2026-05-16 13:00:00+00:00, run_after=2026-05-17 13:00:00+00:00
[2026-05-16T19:51:49.925+0000] {logging_mixin.py:188} INFO - [2026-05-16T19:51:49.925+0000] {dag.py:3954} INFO - Setting next_dagrun for update_db to None, run_after=None
[2026-05-16T19:51:50.049+0000] {processor.py:183} INFO - Processing /opt/airflow/dags/main (1).py took 2.904 seconds
