[2026-05-14T13:13:20.769+0000] {local_task_job_runner.py:120} INFO - ::group::Pre task execution logs
[2026-05-14T13:13:20.804+0000] {taskinstance.py:2076} INFO - Dependencies all met for dep_context=non-requeueable deps ti=<TaskInstance: produce_json.get_playlist_id scheduled__2026-05-13T13:00:00+00:00 [queued]>
[2026-05-14T13:13:20.816+0000] {taskinstance.py:2076} INFO - Dependencies all met for dep_context=requeueable deps ti=<TaskInstance: produce_json.get_playlist_id scheduled__2026-05-13T13:00:00+00:00 [queued]>
[2026-05-14T13:13:20.817+0000] {taskinstance.py:2306} INFO - Starting attempt 1 of 1
[2026-05-14T13:13:20.834+0000] {taskinstance.py:2330} INFO - Executing <Task(_PythonDecoratedOperator): get_playlist_id> on 2026-05-13 13:00:00+00:00
[2026-05-14T13:13:20.844+0000] {standard_task_runner.py:63} INFO - Started process 3243 to run task
[2026-05-14T13:13:20.851+0000] {standard_task_runner.py:90} INFO - Running: ['airflow', 'tasks', 'run', 'produce_json', 'get_playlist_id', 'scheduled__2026-05-13T13:00:00+00:00', '--job-id', '20', '--raw', '--subdir', 'DAGS_FOLDER/main.py', '--cfg-path', '/tmp/tmp42xt8vqh']
[2026-05-14T13:13:20.852+0000] {standard_task_runner.py:91} INFO - Job 20: Subtask get_playlist_id
[2026-05-14T13:13:20.982+0000] {task_command.py:426} INFO - Running <TaskInstance: produce_json.get_playlist_id scheduled__2026-05-13T13:00:00+00:00 [running]> on host afe565b1e410
[2026-05-14T13:13:21.154+0000] {taskinstance.py:2648} INFO - Exporting env vars: AIRFLOW_CTX_DAG_EMAIL='data@engineers.com' AIRFLOW_CTX_DAG_OWNER='dataengineers' AIRFLOW_CTX_DAG_ID='produce_json' AIRFLOW_CTX_TASK_ID='get_playlist_id' AIRFLOW_CTX_EXECUTION_DATE='2026-05-13T13:00:00+00:00' AIRFLOW_CTX_TRY_NUMBER='1' AIRFLOW_CTX_DAG_RUN_ID='scheduled__2026-05-13T13:00:00+00:00'
[2026-05-14T13:13:21.157+0000] {taskinstance.py:430} INFO - ::endgroup::
[2026-05-14T13:13:21.491+0000] {python.py:237} INFO - Done. Returned value was: UUWOA1ZGywLbqmigxE4Qlvuw
[2026-05-14T13:13:21.494+0000] {taskinstance.py:441} INFO - ::group::Post task execution logs
[2026-05-14T13:13:21.538+0000] {taskinstance.py:1206} INFO - Marking task as SUCCESS. dag_id=produce_json, task_id=get_playlist_id, run_id=scheduled__2026-05-13T13:00:00+00:00, execution_date=20260513T130000, start_date=20260514T131320, end_date=20260514T131321
[2026-05-14T13:13:21.587+0000] {local_task_job_runner.py:240} INFO - Task exited with return code 0
[2026-05-14T13:13:21.693+0000] {taskinstance.py:3503} INFO - 0 downstream tasks scheduled from follow-on schedule check
[2026-05-14T13:13:21.708+0000] {local_task_job_runner.py:222} INFO - ::endgroup::
[2026-05-15T09:09:47.293+0000] {local_task_job_runner.py:120} INFO - ::group::Pre task execution logs
[2026-05-15T09:09:47.377+0000] {taskinstance.py:2076} INFO - Dependencies all met for dep_context=non-requeueable deps ti=<TaskInstance: produce_json.get_playlist_id scheduled__2026-05-13T13:00:00+00:00 [queued]>
[2026-05-15T09:09:47.413+0000] {taskinstance.py:2076} INFO - Dependencies all met for dep_context=requeueable deps ti=<TaskInstance: produce_json.get_playlist_id scheduled__2026-05-13T13:00:00+00:00 [queued]>
[2026-05-15T09:09:47.414+0000] {taskinstance.py:2306} INFO - Starting attempt 1 of 1
[2026-05-15T09:09:47.466+0000] {taskinstance.py:2330} INFO - Executing <Task(_PythonDecoratedOperator): get_playlist_id> on 2026-05-13 13:00:00+00:00
[2026-05-15T09:09:47.483+0000] {standard_task_runner.py:63} INFO - Started process 93 to run task
[2026-05-15T09:09:47.489+0000] {standard_task_runner.py:90} INFO - Running: ['airflow', 'tasks', 'run', 'produce_json', 'get_playlist_id', 'scheduled__2026-05-13T13:00:00+00:00', '--job-id', '25', '--raw', '--subdir', 'DAGS_FOLDER/main.py', '--cfg-path', '/tmp/tmpm1ecy82w']
[2026-05-15T09:09:47.492+0000] {standard_task_runner.py:91} INFO - Job 25: Subtask get_playlist_id
[2026-05-15T09:09:47.640+0000] {task_command.py:426} INFO - Running <TaskInstance: produce_json.get_playlist_id scheduled__2026-05-13T13:00:00+00:00 [running]> on host c1bca613f86e
[2026-05-15T09:09:47.881+0000] {taskinstance.py:2648} INFO - Exporting env vars: AIRFLOW_CTX_DAG_EMAIL='data@engineers.com' AIRFLOW_CTX_DAG_OWNER='dataengineers' AIRFLOW_CTX_DAG_ID='produce_json' AIRFLOW_CTX_TASK_ID='get_playlist_id' AIRFLOW_CTX_EXECUTION_DATE='2026-05-13T13:00:00+00:00' AIRFLOW_CTX_TRY_NUMBER='1' AIRFLOW_CTX_DAG_RUN_ID='scheduled__2026-05-13T13:00:00+00:00'
[2026-05-15T09:09:47.885+0000] {taskinstance.py:430} INFO - ::endgroup::
[2026-05-15T09:09:48.359+0000] {python.py:237} INFO - Done. Returned value was: UUipdd_fqkhkhMAvOggL-egg
[2026-05-15T09:09:48.362+0000] {taskinstance.py:441} INFO - ::group::Post task execution logs
[2026-05-15T09:09:48.450+0000] {taskinstance.py:1206} INFO - Marking task as SUCCESS. dag_id=produce_json, task_id=get_playlist_id, run_id=scheduled__2026-05-13T13:00:00+00:00, execution_date=20260513T130000, start_date=20260515T090947, end_date=20260515T090948
[2026-05-15T09:09:48.579+0000] {local_task_job_runner.py:240} INFO - Task exited with return code 0
[2026-05-15T09:09:48.673+0000] {taskinstance.py:3503} INFO - 1 downstream tasks scheduled from follow-on schedule check
[2026-05-15T09:09:48.678+0000] {local_task_job_runner.py:222} INFO - ::endgroup::
