[2026-05-14T08:59:26.648+0000] {local_task_job_runner.py:120} INFO - ::group::Pre task execution logs
[2026-05-14T08:59:26.783+0000] {taskinstance.py:2076} INFO - Dependencies all met for dep_context=non-requeueable deps ti=<TaskInstance: produce_json.get_playlist_id manual__2026-05-14T08:59:21.950816+00:00 [queued]>
[2026-05-14T08:59:26.806+0000] {taskinstance.py:2076} INFO - Dependencies all met for dep_context=requeueable deps ti=<TaskInstance: produce_json.get_playlist_id manual__2026-05-14T08:59:21.950816+00:00 [queued]>
[2026-05-14T08:59:26.810+0000] {taskinstance.py:2306} INFO - Starting attempt 1 of 2
[2026-05-14T08:59:26.838+0000] {taskinstance.py:2330} INFO - Executing <Task(_PythonDecoratedOperator): get_playlist_id> on 2026-05-14 08:59:21.950816+00:00
[2026-05-14T08:59:26.851+0000] {standard_task_runner.py:63} INFO - Started process 376 to run task
[2026-05-14T08:59:26.864+0000] {standard_task_runner.py:90} INFO - Running: ['airflow', 'tasks', 'run', 'produce_json', 'get_playlist_id', 'manual__2026-05-14T08:59:21.950816+00:00', '--job-id', '5', '--raw', '--subdir', 'DAGS_FOLDER/main.py', '--cfg-path', '/tmp/tmpessx3w6t']
[2026-05-14T08:59:26.893+0000] {standard_task_runner.py:91} INFO - Job 5: Subtask get_playlist_id
[2026-05-14T08:59:27.384+0000] {task_command.py:426} INFO - Running <TaskInstance: produce_json.get_playlist_id manual__2026-05-14T08:59:21.950816+00:00 [running]> on host afe565b1e410
[2026-05-14T08:59:27.752+0000] {taskinstance.py:2648} INFO - Exporting env vars: AIRFLOW_CTX_DAG_OWNER='dataengineers' AIRFLOW_CTX_DAG_ID='produce_json' AIRFLOW_CTX_TASK_ID='get_playlist_id' AIRFLOW_CTX_EXECUTION_DATE='2026-05-14T08:59:21.950816+00:00' AIRFLOW_CTX_TRY_NUMBER='1' AIRFLOW_CTX_DAG_RUN_ID='manual__2026-05-14T08:59:21.950816+00:00'
[2026-05-14T08:59:27.756+0000] {taskinstance.py:430} INFO - ::endgroup::
[2026-05-14T08:59:28.225+0000] {taskinstance.py:441} INFO - ::group::Post task execution logs
[2026-05-14T08:59:28.227+0000] {taskinstance.py:2905} ERROR - Task failed with exception
Traceback (most recent call last):
  File "/opt/airflow/dags/main.py", line 27, in get_playlist_id
    channel_playlistsId = data["items"][0]["contentDetails"]["relatedPlaylists"]["uploads"]
KeyError: 'items'

During handling of the above exception, another exception occurred:

Traceback (most recent call last):
  File "/home/airflow/.local/lib/python3.10/site-packages/airflow/models/taskinstance.py", line 465, in _execute_task
    result = _execute_callable(context=context, **execute_callable_kwargs)
  File "/home/airflow/.local/lib/python3.10/site-packages/airflow/models/taskinstance.py", line 432, in _execute_callable
    return execute_callable(context=context, **execute_callable_kwargs)
  File "/home/airflow/.local/lib/python3.10/site-packages/airflow/models/baseoperator.py", line 401, in wrapper
    return func(self, *args, **kwargs)
  File "/home/airflow/.local/lib/python3.10/site-packages/airflow/decorators/base.py", line 265, in execute
    return_value = super().execute(context)
  File "/home/airflow/.local/lib/python3.10/site-packages/airflow/models/baseoperator.py", line 401, in wrapper
    return func(self, *args, **kwargs)
  File "/home/airflow/.local/lib/python3.10/site-packages/airflow/operators/python.py", line 235, in execute
    return_value = self.execute_callable()
  File "/home/airflow/.local/lib/python3.10/site-packages/airflow/operators/python.py", line 252, in execute_callable
    return self.python_callable(*self.op_args, **self.op_kwargs)
  File "/opt/airflow/dags/main.py", line 30, in get_playlist_id
    raise Exception(f"Failed to get playlist ID: {e}")
Exception: Failed to get playlist ID: 'items'
[2026-05-14T08:59:28.274+0000] {taskinstance.py:1206} INFO - Marking task as UP_FOR_RETRY. dag_id=produce_json, task_id=get_playlist_id, run_id=manual__2026-05-14T08:59:21.950816+00:00, execution_date=20260514T085921, start_date=20260514T085926, end_date=20260514T085928
[2026-05-14T08:59:28.324+0000] {standard_task_runner.py:110} ERROR - Failed to execute job 5 for task get_playlist_id (Failed to get playlist ID: 'items'; 376)
[2026-05-14T08:59:28.391+0000] {local_task_job_runner.py:240} INFO - Task exited with return code 1
[2026-05-14T08:59:28.447+0000] {taskinstance.py:3503} INFO - 0 downstream tasks scheduled from follow-on schedule check
[2026-05-14T08:59:28.450+0000] {local_task_job_runner.py:222} INFO - ::endgroup::
