[2026-05-30T14:53:27.485+0000] {local_task_job_runner.py:120} INFO - ::group::Pre task execution logs
[2026-05-30T14:53:27.850+0000] {taskinstance.py:2076} INFO - Dependencies all met for dep_context=non-requeueable deps ti=<TaskInstance: update_db.trigger_data_quality manual__2026-05-30T14:53:08.820363+00:00 [queued]>
[2026-05-30T14:53:27.892+0000] {taskinstance.py:2076} INFO - Dependencies all met for dep_context=requeueable deps ti=<TaskInstance: update_db.trigger_data_quality manual__2026-05-30T14:53:08.820363+00:00 [queued]>
[2026-05-30T14:53:27.895+0000] {taskinstance.py:2306} INFO - Starting attempt 1 of 1
[2026-05-30T14:53:27.946+0000] {taskinstance.py:2330} INFO - Executing <Task(TriggerDagRunOperator): trigger_data_quality> on 2026-05-30 14:53:08.820363+00:00
[2026-05-30T14:53:27.963+0000] {standard_task_runner.py:63} INFO - Started process 173 to run task
[2026-05-30T14:53:27.999+0000] {standard_task_runner.py:90} INFO - Running: ['airflow', 'tasks', 'run', 'update_db', 'trigger_data_quality', 'manual__2026-05-30T14:53:08.820363+00:00', '--job-id', '16', '--raw', '--subdir', 'DAGS_FOLDER/main.py', '--cfg-path', '/tmp/tmpbt9fugrs']
[2026-05-30T14:53:28.004+0000] {standard_task_runner.py:91} INFO - Job 16: Subtask trigger_data_quality
[2026-05-30T14:53:28.218+0000] {task_command.py:426} INFO - Running <TaskInstance: update_db.trigger_data_quality manual__2026-05-30T14:53:08.820363+00:00 [running]> on host e1649dd946d3
[2026-05-30T14:53:28.496+0000] {taskinstance.py:2648} INFO - Exporting env vars: AIRFLOW_CTX_DAG_EMAIL='data@engineers.com' AIRFLOW_CTX_DAG_OWNER='dataengineers' AIRFLOW_CTX_DAG_ID='update_db' AIRFLOW_CTX_TASK_ID='trigger_data_quality' AIRFLOW_CTX_EXECUTION_DATE='2026-05-30T14:53:08.820363+00:00' AIRFLOW_CTX_TRY_NUMBER='1' AIRFLOW_CTX_DAG_RUN_ID='manual__2026-05-30T14:53:08.820363+00:00'
[2026-05-30T14:53:28.501+0000] {taskinstance.py:430} INFO - ::endgroup::
[2026-05-30T14:53:28.550+0000] {taskinstance.py:441} INFO - ::group::Post task execution logs
[2026-05-30T14:53:28.599+0000] {taskinstance.py:2905} ERROR - Task failed with exception
Traceback (most recent call last):
  File "/home/airflow/.local/lib/python3.10/site-packages/airflow/models/taskinstance.py", line 465, in _execute_task
    result = _execute_callable(context=context, **execute_callable_kwargs)
  File "/home/airflow/.local/lib/python3.10/site-packages/airflow/models/taskinstance.py", line 432, in _execute_callable
    return execute_callable(context=context, **execute_callable_kwargs)
  File "/home/airflow/.local/lib/python3.10/site-packages/airflow/models/baseoperator.py", line 401, in wrapper
    return func(self, *args, **kwargs)
  File "/home/airflow/.local/lib/python3.10/site-packages/airflow/operators/trigger_dagrun.py", line 177, in execute
    dag_run = trigger_dag(
  File "/home/airflow/.local/lib/python3.10/site-packages/airflow/api/common/trigger_dag.py", line 123, in trigger_dag
    raise DagNotFound(f"Dag id {dag_id} not found in DagModel")
airflow.exceptions.DagNotFound: Dag id data_quality not found in DagModel
[2026-05-30T14:53:28.616+0000] {taskinstance.py:1206} INFO - Marking task as FAILED. dag_id=update_db, task_id=trigger_data_quality, run_id=manual__2026-05-30T14:53:08.820363+00:00, execution_date=20260530T145308, start_date=20260530T145327, end_date=20260530T145328
[2026-05-30T14:53:28.702+0000] {standard_task_runner.py:110} ERROR - Failed to execute job 16 for task trigger_data_quality (Dag id data_quality not found in DagModel; 173)
[2026-05-30T14:53:28.826+0000] {local_task_job_runner.py:240} INFO - Task exited with return code 1
[2026-05-30T14:53:28.984+0000] {taskinstance.py:3503} INFO - 0 downstream tasks scheduled from follow-on schedule check
[2026-05-30T14:53:29.055+0000] {local_task_job_runner.py:222} INFO - ::endgroup::
