[2026-05-16T13:05:24.427+0000] {local_task_job_runner.py:120} INFO - ::group::Pre task execution logs
[2026-05-16T13:05:24.527+0000] {taskinstance.py:2076} INFO - Dependencies all met for dep_context=non-requeueable deps ti=<TaskInstance: Update_db.staging_table scheduled__2026-05-15T13:00:00+00:00 [queued]>
[2026-05-16T13:05:24.570+0000] {taskinstance.py:2076} INFO - Dependencies all met for dep_context=requeueable deps ti=<TaskInstance: Update_db.staging_table scheduled__2026-05-15T13:00:00+00:00 [queued]>
[2026-05-16T13:05:24.572+0000] {taskinstance.py:2306} INFO - Starting attempt 1 of 1
[2026-05-16T13:05:24.650+0000] {taskinstance.py:2330} INFO - Executing <Task(_PythonDecoratedOperator): staging_table> on 2026-05-15 13:00:00+00:00
[2026-05-16T13:05:24.691+0000] {standard_task_runner.py:63} INFO - Started process 71 to run task
[2026-05-16T13:05:24.717+0000] {standard_task_runner.py:90} INFO - Running: ['airflow', 'tasks', 'run', 'Update_db', 'staging_table', 'scheduled__2026-05-15T13:00:00+00:00', '--job-id', '36', '--raw', '--subdir', 'DAGS_FOLDER/main.py', '--cfg-path', '/tmp/tmpu1sf6w_b']
[2026-05-16T13:05:24.719+0000] {standard_task_runner.py:91} INFO - Job 36: Subtask staging_table
[2026-05-16T13:05:25.037+0000] {task_command.py:426} INFO - Running <TaskInstance: Update_db.staging_table scheduled__2026-05-15T13:00:00+00:00 [running]> on host c1bca613f86e
[2026-05-16T13:05:25.529+0000] {taskinstance.py:2648} INFO - Exporting env vars: AIRFLOW_CTX_DAG_EMAIL='data@engineers.com' AIRFLOW_CTX_DAG_OWNER='dataengineers' AIRFLOW_CTX_DAG_ID='Update_db' AIRFLOW_CTX_TASK_ID='staging_table' AIRFLOW_CTX_EXECUTION_DATE='2026-05-15T13:00:00+00:00' AIRFLOW_CTX_TRY_NUMBER='1' AIRFLOW_CTX_DAG_RUN_ID='scheduled__2026-05-15T13:00:00+00:00'
[2026-05-16T13:05:25.532+0000] {taskinstance.py:430} INFO - ::endgroup::
[2026-05-16T13:05:25.538+0000] {crypto.py:82} WARNING - empty cryptography key - values will not be stored encrypted.
[2026-05-16T13:05:25.550+0000] {base.py:84} INFO - Using connection ID 'postgres_db_yt_elt' for task execution.
[2026-05-16T13:05:25.586+0000] {data_loading.py:13} INFO - Processing file: YT_data_2026-05-16
[2026-05-16T13:05:25.588+0000] {data_loading.py:19} ERROR - File not found:./data/YT_data_2026-05-16.json
[2026-05-16T13:05:25.589+0000] {dwh.py:58} ERROR - An error occurred during the update of staging table: [Errno 2] No such file or directory: './data/YT_data_2026-05-16.json'
[2026-05-16T13:05:25.591+0000] {taskinstance.py:441} INFO - ::group::Post task execution logs
[2026-05-16T13:05:25.597+0000] {taskinstance.py:2905} ERROR - Task failed with exception
Traceback (most recent call last):
  File "/home/airflow/.local/lib/python3.10/site-packages/airflow/models/taskinstance.py", line 465, in _execute_task
    result = _execute_callable(context=context, **execute_callable_kwargs)
  File "/home/airflow/.local/lib/python3.10/site-packages/airflow/models/taskinstance.py", line 432, in _execute_callable
    return execute_callable(context=context, **execute_callable_kwargs)
  File "/home/airflow/.local/lib/python3.10/site-packages/airflow/models/baseoperator.py", line 401, in wrapper
    return func(self, *args, **kwargs)
  File "/home/airflow/.local/lib/python3.10/site-packages/airflow/decorators/base.py", line 265, in execute
    return_value = super().execute(context)
  File "/home/airflow/.local/lib/python3.10/site-packages/airflow/models/baseoperator.py", line 401, in wrapper
    return func(self, *args, **kwargs)
  File "/home/airflow/.local/lib/python3.10/site-packages/airflow/operators/python.py", line 235, in execute
    return_value = self.execute_callable()
  File "/home/airflow/.local/lib/python3.10/site-packages/airflow/operators/python.py", line 252, in execute_callable
    return self.python_callable(*self.op_args, **self.op_kwargs)
  File "/opt/airflow/dags/datawarehouse/dwh.py", line 59, in staging_table
    raise e
  File "/opt/airflow/dags/datawarehouse/dwh.py", line 30, in staging_table
    YT_data = load_data()
  File "/opt/airflow/dags/datawarehouse/data_loading.py", line 15, in load_data
    with open(file_path, "r", encoding="utf-8") as raw_data:
FileNotFoundError: [Errno 2] No such file or directory: './data/YT_data_2026-05-16.json'
[2026-05-16T13:05:25.697+0000] {taskinstance.py:1206} INFO - Marking task as FAILED. dag_id=Update_db, task_id=staging_table, run_id=scheduled__2026-05-15T13:00:00+00:00, execution_date=20260515T130000, start_date=20260516T130524, end_date=20260516T130525
[2026-05-16T13:05:25.750+0000] {standard_task_runner.py:110} ERROR - Failed to execute job 36 for task staging_table ([Errno 2] No such file or directory: './data/YT_data_2026-05-16.json'; 71)
[2026-05-16T13:05:25.838+0000] {local_task_job_runner.py:240} INFO - Task exited with return code 1
[2026-05-16T13:05:25.886+0000] {local_task_job_runner.py:222} INFO - ::endgroup::
